  [1m[35m (0.6ms)[0m  [1m[34mSELECT "schema_migrations"."version" FROM "schema_migrations" ORDER BY "schema_migrations"."version" ASC[0m
  ↳ bin/rails:9
Migrating to ChangeDecimalToInteger (20181116030231)
  [1m[35m (0.1ms)[0m  [1m[36mbegin transaction[0m
  ↳ bin/rails:9
  [1m[36mProduct Load (0.6ms)[0m  [1m[34mSELECT "products".* FROM "products"[0m
  ↳ db/migrate/20181116030231_change_decimal_to_integer.rb:4
  [1m[35m (0.1ms)[0m  [1m[34mSELECT sqlite_version(*)[0m
  ↳ db/migrate/20181116030231_change_decimal_to_integer.rb:8
  [1m[35m (0.4ms)[0m  [1m[35mCREATE TEMPORARY TABLE "aproducts" ("id" integer NOT NULL PRIMARY KEY, "name" varchar DEFAULT NULL, "description" text DEFAULT NULL, "image_url" varchar DEFAULT NULL, "created_at" datetime NOT NULL, "updated_at" datetime NOT NULL, "colour" varchar DEFAULT NULL, "price" decimal DEFAULT NULL)[0m
  ↳ db/migrate/20181116030231_change_decimal_to_integer.rb:8
  [1m[35m (0.2ms)[0m  [1m[32mINSERT INTO "aproducts" ("id","name","description","image_url","created_at","updated_at","colour","price")
                     SELECT "id","name","description","image_url","created_at","updated_at","colour","price" FROM "products"[0m
  ↳ db/migrate/20181116030231_change_decimal_to_integer.rb:8
  [1m[35m (1.7ms)[0m  [1m[35mDROP TABLE "products"[0m
  ↳ db/migrate/20181116030231_change_decimal_to_integer.rb:8
  [1m[35m (1.1ms)[0m  [1m[31mrollback transaction[0m
  ↳ bin/rails:9
  [1m[35m (0.2ms)[0m  [1m[34mSELECT "schema_migrations"."version" FROM "schema_migrations" ORDER BY "schema_migrations"."version" ASC[0m
  ↳ bin/rails:9
  [1m[35m (0.9ms)[0m  [1m[34mSELECT "ar_internal_metadata"."value" FROM "ar_internal_metadata" WHERE "ar_internal_metadata"."key" = ?[0m  [["key", "environment"]]
  ↳ bin/rails:9
  [1m[35m (0.1ms)[0m  [1m[34mSELECT "schema_migrations"."version" FROM "schema_migrations" ORDER BY "schema_migrations"."version" ASC[0m
  ↳ bin/rails:9
  [1m[35m (0.1ms)[0m  [1m[34mSELECT "ar_internal_metadata"."value" FROM "ar_internal_metadata" WHERE "ar_internal_metadata"."key" = ?[0m  [["key", "environment"]]
  ↳ bin/rails:9
  [1m[35m (0.1ms)[0m  [1m[34mSELECT "schema_migrations"."version" FROM "schema_migrations" ORDER BY "schema_migrations"."version" ASC[0m
  ↳ bin/rails:9
  [1m[35m (0.1ms)[0m  [1m[34mSELECT "ar_internal_metadata"."value" FROM "ar_internal_metadata" WHERE "ar_internal_metadata"."key" = ?[0m  [["key", "environment"]]
  ↳ bin/rails:9
  [1m[35m (0.2ms)[0m  [1m[35mDROP TABLE IF EXISTS "comments"[0m
  ↳ db/schema.rb:15
  [1m[35m (0.3ms)[0m  [1m[34mSELECT sqlite_version(*)[0m
  ↳ db/schema.rb:15
  [1m[35m (2.2ms)[0m  [1m[35mCREATE TABLE "comments" ("id" integer PRIMARY KEY AUTOINCREMENT NOT NULL, "user_id" integer, "body" text, "rating" integer, "product_id" integer, "created_at" datetime NOT NULL, "updated_at" datetime NOT NULL)[0m
  ↳ db/schema.rb:15
  [1m[35m (1.8ms)[0m  [1m[35mCREATE  INDEX "index_comments_on_product_id" ON "comments" ("product_id")[0m
  ↳ db/schema.rb:15
  [1m[35m (1.1ms)[0m  [1m[35mCREATE  INDEX "index_comments_on_user_id" ON "comments" ("user_id")[0m
  ↳ db/schema.rb:15
  [1m[35m (0.2ms)[0m  [1m[35mDROP TABLE IF EXISTS "orders"[0m
  ↳ db/schema.rb:26
  [1m[35m (1.1ms)[0m  [1m[35mCREATE TABLE "orders" ("id" integer PRIMARY KEY AUTOINCREMENT NOT NULL, "user_id" integer, "product_id" integer, "total" float)[0m
  ↳ db/schema.rb:26
  [1m[35m (1.7ms)[0m  [1m[35mCREATE  INDEX "index_orders_on_product_id" ON "orders" ("product_id")[0m
  ↳ db/schema.rb:26
  [1m[35m (1.0ms)[0m  [1m[35mCREATE  INDEX "index_orders_on_user_id" ON "orders" ("user_id")[0m
  ↳ db/schema.rb:26
  [1m[35m (0.3ms)[0m  [1m[35mDROP TABLE IF EXISTS "products"[0m
  ↳ db/schema.rb:34
  [1m[35m (2.9ms)[0m  [1m[35mCREATE TABLE "products" ("id" integer PRIMARY KEY AUTOINCREMENT NOT NULL, "name" varchar, "description" text, "image_url" varchar, "created_at" datetime NOT NULL, "updated_at" datetime NOT NULL, "colour" varchar, "price" decimal)[0m
  ↳ db/schema.rb:34
  [1m[35m (0.3ms)[0m  [1m[35mDROP TABLE IF EXISTS "users"[0m
  ↳ db/schema.rb:44
  [1m[35m (2.1ms)[0m  [1m[35mCREATE TABLE "users" ("id" integer PRIMARY KEY AUTOINCREMENT NOT NULL, "first_name" varchar, "last_name" varchar, "created_at" datetime NOT NULL, "updated_at" datetime NOT NULL, "email" varchar DEFAULT '' NOT NULL, "encrypted_password" varchar DEFAULT '' NOT NULL, "reset_password_token" varchar, "reset_password_sent_at" datetime, "remember_created_at" datetime, "admin" boolean DEFAULT 0 NOT NULL)[0m
  ↳ db/schema.rb:44
  [1m[35m (1.8ms)[0m  [1m[35mCREATE UNIQUE INDEX "index_users_on_email" ON "users" ("email")[0m
  ↳ db/schema.rb:44
  [1m[35m (12.9ms)[0m  [1m[35mCREATE UNIQUE INDEX "index_users_on_reset_password_token" ON "users" ("reset_password_token")[0m
  ↳ db/schema.rb:44
  [1m[35m (1.7ms)[0m  [1m[35mCREATE TABLE "schema_migrations" ("version" varchar NOT NULL PRIMARY KEY)[0m
  ↳ db/schema.rb:13
  [1m[35m (0.3ms)[0m  [1m[34mSELECT "schema_migrations"."version" FROM "schema_migrations" ORDER BY "schema_migrations"."version" ASC[0m
  ↳ db/schema.rb:13
  [1m[35m (1.5ms)[0m  [1m[32mINSERT INTO "schema_migrations" (version) VALUES (20181024225512)[0m
  ↳ db/schema.rb:13
  [1m[35m (2.2ms)[0m  [1m[32mINSERT INTO "schema_migrations" (version) VALUES
(20181010232848),
(20180710001409),
(20180707231821),
(20180710003740),
(20180715132240),
(20180712005844),
(20181005214143),
(20181005220237);

[0m
  ↳ db/schema.rb:13
  [1m[35m (3.8ms)[0m  [1m[35mCREATE TABLE "ar_internal_metadata" ("key" varchar NOT NULL PRIMARY KEY, "value" varchar, "created_at" datetime NOT NULL, "updated_at" datetime NOT NULL)[0m
  ↳ db/schema.rb:13
  [1m[36mActiveRecord::InternalMetadata Load (0.4ms)[0m  [1m[34mSELECT  "ar_internal_metadata".* FROM "ar_internal_metadata" WHERE "ar_internal_metadata"."key" = ? LIMIT ?[0m  [["key", "environment"], ["LIMIT", 1]]
  ↳ db/schema.rb:13
  [1m[35m (0.1ms)[0m  [1m[36mbegin transaction[0m
  ↳ db/schema.rb:13
  [1m[36mActiveRecord::InternalMetadata Create (0.5ms)[0m  [1m[32mINSERT INTO "ar_internal_metadata" ("key", "value", "created_at", "updated_at") VALUES (?, ?, ?, ?)[0m  [["key", "environment"], ["value", "development"], ["created_at", "2018-11-16 03:07:32.979141"], ["updated_at", "2018-11-16 03:07:32.979141"]]
  ↳ db/schema.rb:13
  [1m[35m (0.9ms)[0m  [1m[36mcommit transaction[0m
  ↳ db/schema.rb:13
  [1m[36mActiveRecord::InternalMetadata Load (0.2ms)[0m  [1m[34mSELECT  "ar_internal_metadata".* FROM "ar_internal_metadata" WHERE "ar_internal_metadata"."key" = ? LIMIT ?[0m  [["key", "environment"], ["LIMIT", 1]]
  ↳ bin/rails:9
  [1m[35m (0.9ms)[0m  [1m[36mbegin transaction[0m
  ↳ bin/rails:9
  [1m[35m (0.1ms)[0m  [1m[36mcommit transaction[0m
  ↳ bin/rails:9
  [1m[35m (0.2ms)[0m  [1m[35mDROP TABLE IF EXISTS "comments"[0m
  ↳ db/schema.rb:15
  [1m[35m (0.1ms)[0m  [1m[34mSELECT sqlite_version(*)[0m
  ↳ db/schema.rb:15
  [1m[35m (1.2ms)[0m  [1m[35mCREATE TABLE "comments" ("id" integer PRIMARY KEY AUTOINCREMENT NOT NULL, "user_id" integer, "body" text, "rating" integer, "product_id" integer, "created_at" datetime NOT NULL, "updated_at" datetime NOT NULL)[0m
  ↳ db/schema.rb:15
  [1m[35m (1.2ms)[0m  [1m[35mCREATE  INDEX "index_comments_on_product_id" ON "comments" ("product_id")[0m
  ↳ db/schema.rb:15
  [1m[35m (1.2ms)[0m  [1m[35mCREATE  INDEX "index_comments_on_user_id" ON "comments" ("user_id")[0m
  ↳ db/schema.rb:15
  [1m[35m (0.2ms)[0m  [1m[35mDROP TABLE IF EXISTS "orders"[0m
  ↳ db/schema.rb:26
  [1m[35m (1.5ms)[0m  [1m[35mCREATE TABLE "orders" ("id" integer PRIMARY KEY AUTOINCREMENT NOT NULL, "user_id" integer, "product_id" integer, "total" float)[0m
  ↳ db/schema.rb:26
  [1m[35m (1.0ms)[0m  [1m[35mCREATE  INDEX "index_orders_on_product_id" ON "orders" ("product_id")[0m
  ↳ db/schema.rb:26
  [1m[35m (1.0ms)[0m  [1m[35mCREATE  INDEX "index_orders_on_user_id" ON "orders" ("user_id")[0m
  ↳ db/schema.rb:26
  [1m[35m (0.3ms)[0m  [1m[35mDROP TABLE IF EXISTS "products"[0m
  ↳ db/schema.rb:34
  [1m[35m (1.1ms)[0m  [1m[35mCREATE TABLE "products" ("id" integer PRIMARY KEY AUTOINCREMENT NOT NULL, "name" varchar, "description" text, "image_url" varchar, "created_at" datetime NOT NULL, "updated_at" datetime NOT NULL, "colour" varchar, "price" decimal)[0m
  ↳ db/schema.rb:34
  [1m[35m (0.2ms)[0m  [1m[35mDROP TABLE IF EXISTS "users"[0m
  ↳ db/schema.rb:44
  [1m[35m (1.5ms)[0m  [1m[35mCREATE TABLE "users" ("id" integer PRIMARY KEY AUTOINCREMENT NOT NULL, "first_name" varchar, "last_name" varchar, "created_at" datetime NOT NULL, "updated_at" datetime NOT NULL, "email" varchar DEFAULT '' NOT NULL, "encrypted_password" varchar DEFAULT '' NOT NULL, "reset_password_token" varchar, "reset_password_sent_at" datetime, "remember_created_at" datetime, "admin" boolean DEFAULT 0 NOT NULL)[0m
  ↳ db/schema.rb:44
  [1m[35m (1.4ms)[0m  [1m[35mCREATE UNIQUE INDEX "index_users_on_email" ON "users" ("email")[0m
  ↳ db/schema.rb:44
  [1m[35m (1.0ms)[0m  [1m[35mCREATE UNIQUE INDEX "index_users_on_reset_password_token" ON "users" ("reset_password_token")[0m
  ↳ db/schema.rb:44
  [1m[35m (2.0ms)[0m  [1m[35mCREATE TABLE "schema_migrations" ("version" varchar NOT NULL PRIMARY KEY)[0m
  ↳ db/schema.rb:13
  [1m[35m (0.2ms)[0m  [1m[34mSELECT "schema_migrations"."version" FROM "schema_migrations" ORDER BY "schema_migrations"."version" ASC[0m
  ↳ db/schema.rb:13
  [1m[35m (1.8ms)[0m  [1m[32mINSERT INTO "schema_migrations" (version) VALUES (20181024225512)[0m
  ↳ db/schema.rb:13
  [1m[35m (1.1ms)[0m  [1m[32mINSERT INTO "schema_migrations" (version) VALUES
(20181010232848),
(20180710001409),
(20180707231821),
(20180710003740),
(20180715132240),
(20180712005844),
(20181005214143),
(20181005220237);

[0m
  ↳ db/schema.rb:13
  [1m[35m (1.1ms)[0m  [1m[35mCREATE TABLE "ar_internal_metadata" ("key" varchar NOT NULL PRIMARY KEY, "value" varchar, "created_at" datetime NOT NULL, "updated_at" datetime NOT NULL)[0m
  ↳ db/schema.rb:13
  [1m[36mActiveRecord::InternalMetadata Load (0.2ms)[0m  [1m[34mSELECT  "ar_internal_metadata".* FROM "ar_internal_metadata" WHERE "ar_internal_metadata"."key" = ? LIMIT ?[0m  [["key", "environment"], ["LIMIT", 1]]
  ↳ db/schema.rb:13
  [1m[35m (0.0ms)[0m  [1m[36mbegin transaction[0m
  ↳ db/schema.rb:13
  [1m[36mActiveRecord::InternalMetadata Create (0.4ms)[0m  [1m[32mINSERT INTO "ar_internal_metadata" ("key", "value", "created_at", "updated_at") VALUES (?, ?, ?, ?)[0m  [["key", "environment"], ["value", "development"], ["created_at", "2018-11-16 03:07:33.042864"], ["updated_at", "2018-11-16 03:07:33.042864"]]
  ↳ db/schema.rb:13
  [1m[35m (0.7ms)[0m  [1m[36mcommit transaction[0m
  ↳ db/schema.rb:13
  [1m[36mActiveRecord::InternalMetadata Load (0.1ms)[0m  [1m[34mSELECT  "ar_internal_metadata".* FROM "ar_internal_metadata" WHERE "ar_internal_metadata"."key" = ? LIMIT ?[0m  [["key", "environment"], ["LIMIT", 1]]
  ↳ bin/rails:9
  [1m[35m (0.0ms)[0m  [1m[36mbegin transaction[0m
  ↳ bin/rails:9
  [1m[36mActiveRecord::InternalMetadata Update (0.6ms)[0m  [1m[33mUPDATE "ar_internal_metadata" SET "value" = ?, "updated_at" = ? WHERE "ar_internal_metadata"."key" = ?[0m  [["value", "test"], ["updated_at", "2018-11-16 03:07:33.096207"], ["key", "environment"]]
  ↳ bin/rails:9
  [1m[35m (1.8ms)[0m  [1m[36mcommit transaction[0m
  ↳ bin/rails:9
  [1m[35m (0.1ms)[0m  [1m[34mSELECT "schema_migrations"."version" FROM "schema_migrations" ORDER BY "schema_migrations"."version" ASC[0m
  ↳ bin/rails:9
  [1m[35m (0.2ms)[0m  [1m[34mSELECT "schema_migrations"."version" FROM "schema_migrations" ORDER BY "schema_migrations"."version" ASC[0m
  ↳ bin/rails:9
Migrating to ChangeDecimalToInteger (20181116030231)
  [1m[35m (0.1ms)[0m  [1m[36mbegin transaction[0m
  ↳ bin/rails:9
  [1m[36mProduct Load (0.2ms)[0m  [1m[34mSELECT "products".* FROM "products"[0m
  ↳ db/migrate/20181116030231_change_decimal_to_integer.rb:4
  [1m[35m (0.0ms)[0m  [1m[34mSELECT sqlite_version(*)[0m
  ↳ db/migrate/20181116030231_change_decimal_to_integer.rb:8
  [1m[35m (0.3ms)[0m  [1m[35mCREATE TEMPORARY TABLE "aproducts" ("id" integer NOT NULL PRIMARY KEY, "name" varchar DEFAULT NULL, "description" text DEFAULT NULL, "image_url" varchar DEFAULT NULL, "created_at" datetime NOT NULL, "updated_at" datetime NOT NULL, "colour" varchar DEFAULT NULL, "price" decimal DEFAULT NULL)[0m
  ↳ db/migrate/20181116030231_change_decimal_to_integer.rb:8
  [1m[35m (0.1ms)[0m  [1m[32mINSERT INTO "aproducts" ("id","name","description","image_url","created_at","updated_at","colour","price")
                     SELECT "id","name","description","image_url","created_at","updated_at","colour","price" FROM "products"[0m
  ↳ db/migrate/20181116030231_change_decimal_to_integer.rb:8
  [1m[35m (0.4ms)[0m  [1m[35mDROP TABLE "products"[0m
  ↳ db/migrate/20181116030231_change_decimal_to_integer.rb:8
  [1m[35m (0.3ms)[0m  [1m[35mCREATE TABLE "products" ("id" integer NOT NULL PRIMARY KEY, "name" varchar DEFAULT NULL, "description" text DEFAULT NULL, "image_url" varchar DEFAULT NULL, "created_at" datetime NOT NULL, "updated_at" datetime NOT NULL, "colour" varchar DEFAULT NULL, "price" integer DEFAULT NULL)[0m
  ↳ db/migrate/20181116030231_change_decimal_to_integer.rb:8
  [1m[35m (0.1ms)[0m  [1m[32mINSERT INTO "products" ("id","name","description","image_url","created_at","updated_at","colour","price")
                     SELECT "id","name","description","image_url","created_at","updated_at","colour","price" FROM "aproducts"[0m
  ↳ db/migrate/20181116030231_change_decimal_to_integer.rb:8
  [1m[35m (0.1ms)[0m  [1m[35mDROP TABLE "aproducts"[0m
  ↳ db/migrate/20181116030231_change_decimal_to_integer.rb:8
  [1m[36mActiveRecord::SchemaMigration Create (0.3ms)[0m  [1m[32mINSERT INTO "schema_migrations" ("version") VALUES (?)[0m  [["version", "20181116030231"]]
  ↳ bin/rails:9
  [1m[35m (1.8ms)[0m  [1m[36mcommit transaction[0m
  ↳ bin/rails:9
  [1m[36mActiveRecord::InternalMetadata Load (1.6ms)[0m  [1m[34mSELECT  "ar_internal_metadata".* FROM "ar_internal_metadata" WHERE "ar_internal_metadata"."key" = ? LIMIT ?[0m  [["key", "environment"], ["LIMIT", 1]]
  ↳ bin/rails:9
  [1m[35m (0.1ms)[0m  [1m[36mbegin transaction[0m
  ↳ bin/rails:9
  [1m[35m (0.1ms)[0m  [1m[36mcommit transaction[0m
  ↳ bin/rails:9
  [1m[35m (0.1ms)[0m  [1m[34mSELECT "schema_migrations"."version" FROM "schema_migrations" ORDER BY "schema_migrations"."version" ASC[0m
  ↳ bin/rails:9
Started GET "/" for 127.0.0.1 at 2018-11-15 22:11:18 -0500
  [1m[35m (0.2ms)[0m  [1m[34mSELECT "schema_migrations"."version" FROM "schema_migrations" ORDER BY "schema_migrations"."version" ASC[0m
  ↳ /Users/bohdanlaluck/.rvm/gems/ruby-2.5.1/gems/activerecord-5.2.0/lib/active_record/log_subscriber.rb:98
Processing by SimplePagesController#landing_page as HTML
  Rendering simple_pages/landing_page.html.erb within layouts/application
  [1m[36mProduct Load (0.2ms)[0m  [1m[34mSELECT "products".* FROM "products"[0m
  ↳ app/views/simple_pages/landing_page.html.erb:4
  Rendered simple_pages/landing_page.html.erb within layouts/application (6.1ms)
  [1m[36mUser Load (0.5ms)[0m  [1m[34mSELECT  "users".* FROM "users" WHERE "users"."id" = ? ORDER BY "users"."id" ASC LIMIT ?[0m  [["id", 2], ["LIMIT", 1]]
  ↳ app/views/layouts/application.html.erb:53
Completed 200 OK in 1269ms (Views: 1239.7ms | ActiveRecord: 2.5ms)


  [1m[35m (0.2ms)[0m  [1m[34mSELECT "schema_migrations"."version" FROM "schema_migrations" ORDER BY "schema_migrations"."version" ASC[0m
  ↳ bin/rails:9
  [1m[35m (0.1ms)[0m  [1m[36mbegin transaction[0m
  ↳ db/seeds.rb:8
  [1m[36mProduct Create (0.5ms)[0m  [1m[32mINSERT INTO "products" ("name", "description", "image_url", "created_at", "updated_at", "colour", "price") VALUES (?, ?, ?, ?, ?, ?, ?)[0m  [["name", "Allied Alfa"], ["description", "Best Racing Bike - This American-made masterpiece evokes the handling and feel of an old-school steel racer in a carbon frame with the weight, stiffness, and performance of a fully modern machine. "], ["image_url", "https://hips.hearstapps.com/hmg-prod.s3.amazonaws.com/images/allied-alfa-1523988058.jpg"], ["created_at", "2018-11-16 03:11:31.820479"], ["updated_at", "2018-11-16 03:11:31.820479"], ["colour", "Blue"], ["price", 792022]]
  ↳ db/seeds.rb:8
  [1m[35m (0.8ms)[0m  [1m[36mcommit transaction[0m
  ↳ db/seeds.rb:8
  [1m[35m (0.1ms)[0m  [1m[36mbegin transaction[0m
  ↳ db/seeds.rb:10
  [1m[36mProduct Create (0.5ms)[0m  [1m[32mINSERT INTO "products" ("name", "description", "image_url", "created_at", "updated_at", "colour", "price") VALUES (?, ?, ?, ?, ?, ?, ?)[0m  [["name", "Kona Sutra\n"], ["description", "Best Touring Bike - If you are planning a long distance tour on a bicycle, and have the budget to buy a really good one, then the Kona Sutra should definitely be a front runner. Has hearstapps, integrated mud guards and a rear pannier rack, the touring-focused tiers and saddle."], ["image_url", "https://i0.wp.com/tomsbiketrip.com/wp-content/uploads/2017/01/kona-sutra-2018.jpg"], ["created_at", "2018-11-16 03:11:31.825653"], ["updated_at", "2018-11-16 03:11:31.825653"], ["colour", "Navy"], ["price", 186195]]
  ↳ db/seeds.rb:10
  [1m[35m (0.9ms)[0m  [1m[36mcommit transaction[0m
  ↳ db/seeds.rb:10
  [1m[35m (0.1ms)[0m  [1m[36mbegin transaction[0m
  ↳ db/seeds.rb:13
  [1m[36mProduct Create (0.4ms)[0m  [1m[32mINSERT INTO "products" ("name", "description", "image_url", "created_at", "updated_at", "colour", "price") VALUES (?, ?, ?, ?, ?, ?, ?)[0m  [["name", "Budnitz No. 3"], ["description", "Best Commuter Bike - The Budnitz No. 3 is a commuter bike that has a mean streak and likes to be ridden fast. The steel (or titanium) frame has a semi-racy geometry and accommodates 29-inch wheels which allow you to run tires up to 2.35-inches wide."], ["image_url", "https://budnitzbicycles.com/media/bike_images/2223/large_budnitz-bicycles_No.3.3_Ti_Hero.jpg"], ["created_at", "2018-11-16 03:11:31.830807"], ["updated_at", "2018-11-16 03:11:31.830807"], ["colour", "Gray"], ["price", 445045]]
  ↳ db/seeds.rb:13
  [1m[35m (1.0ms)[0m  [1m[36mcommit transaction[0m
  ↳ db/seeds.rb:13
  [1m[35m (0.1ms)[0m  [1m[36mbegin transaction[0m
  ↳ db/seeds.rb:15
  [1m[36mProduct Create (0.4ms)[0m  [1m[32mINSERT INTO "products" ("name", "description", "image_url", "created_at", "updated_at", "colour", "price") VALUES (?, ?, ?, ?, ?, ?, ?)[0m  [["name", "Evil Following MB"], ["description", "Best All-Terrain Bike - Unbelievable control and freakish speed breeding meet epic efficiency and practical versatility.  Benchmark-resetting short-travel control and speed; efficient and agile enough for XC singletrack hustling; carbon-rich kit collection."], ["image_url", "https://www.outsideonline.com/sites/default/files/styles/img_850-width_flex-height/public/2018/05/13/evil-the-following-mb-goty_h.jpg"], ["created_at", "2018-11-16 03:11:31.836147"], ["updated_at", "2018-11-16 03:11:31.836147"], ["colour", "Dark Gray"], ["price", 739976]]
  ↳ db/seeds.rb:15
  [1m[35m (0.8ms)[0m  [1m[36mcommit transaction[0m
  ↳ db/seeds.rb:15
  [1m[35m (0.1ms)[0m  [1m[36mbegin transaction[0m
  ↳ db/seeds.rb:17
  [1m[36mProduct Load (0.3ms)[0m  [1m[34mSELECT  "products".* FROM "products" WHERE "products"."id" = ? LIMIT ?[0m  [["id", 1], ["LIMIT", 1]]
  ↳ db/seeds.rb:17
  [1m[36mUser Load (0.1ms)[0m  [1m[34mSELECT  "users".* FROM "users" WHERE "users"."id" = ? LIMIT ?[0m  [["id", 1], ["LIMIT", 1]]
  ↳ db/seeds.rb:17
  [1m[35m (0.1ms)[0m  [1m[31mrollback transaction[0m
  ↳ db/seeds.rb:17
  [1m[35m (0.1ms)[0m  [1m[36mbegin transaction[0m
  ↳ db/seeds.rb:18
  [1m[36mProduct Load (0.2ms)[0m  [1m[34mSELECT  "products".* FROM "products" WHERE "products"."id" = ? LIMIT ?[0m  [["id", 2], ["LIMIT", 1]]
  ↳ db/seeds.rb:18
  [1m[36mUser Load (0.2ms)[0m  [1m[34mSELECT  "users".* FROM "users" WHERE "users"."id" = ? LIMIT ?[0m  [["id", 1], ["LIMIT", 1]]
  ↳ db/seeds.rb:18
  [1m[35m (0.1ms)[0m  [1m[31mrollback transaction[0m
  ↳ db/seeds.rb:18
Started GET "/" for 127.0.0.1 at 2018-11-15 22:11:38 -0500
  [1m[35m (0.2ms)[0m  [1m[34mSELECT "schema_migrations"."version" FROM "schema_migrations" ORDER BY "schema_migrations"."version" ASC[0m
  ↳ /Users/bohdanlaluck/.rvm/gems/ruby-2.5.1/gems/activerecord-5.2.0/lib/active_record/log_subscriber.rb:98
Processing by SimplePagesController#landing_page as HTML
  Rendering simple_pages/landing_page.html.erb within layouts/application
  [1m[36mProduct Load (0.2ms)[0m  [1m[34mSELECT "products".* FROM "products"[0m
  ↳ app/views/simple_pages/landing_page.html.erb:4
  Rendered simple_pages/landing_page.html.erb within layouts/application (23.4ms)
Completed 200 OK in 410ms (Views: 392.2ms | ActiveRecord: 1.2ms)


Started GET "/users/sign_in" for 127.0.0.1 at 2018-11-15 22:11:41 -0500
Processing by Devise::SessionsController#new as HTML
  Rendering devise/sessions/new.html.erb within layouts/application
  Rendered devise/shared/_links.html.erb (1.2ms)
  Rendered devise/sessions/new.html.erb within layouts/application (16.3ms)
Completed 200 OK in 95ms (Views: 78.3ms | ActiveRecord: 0.6ms)


Started POST "/users/sign_in" for 127.0.0.1 at 2018-11-15 22:11:44 -0500
Processing by Devise::SessionsController#create as HTML
  Parameters: {"utf8"=>"✓", "authenticity_token"=>"bZKn6RObxmvTGOFngftvkkIqPGDjEDSyWi1YiexJbnNcFTe22N8IzaM/lbFXubSXXdwKrl/4ALWD1hqMpgUYqg==", "user"=>{"email"=>"b@b.ca", "password"=>"[FILTERED]", "remember_me"=>"0"}, "commit"=>"Sign in"}
  [1m[36mUser Load (0.5ms)[0m  [1m[34mSELECT  "users".* FROM "users" WHERE "users"."email" = ? ORDER BY "users"."id" ASC LIMIT ?[0m  [["email", "b@b.ca"], ["LIMIT", 1]]
  ↳ /Users/bohdanlaluck/.rvm/gems/ruby-2.5.1/gems/activerecord-5.2.0/lib/active_record/log_subscriber.rb:98
Completed 401 Unauthorized in 19ms (ActiveRecord: 0.5ms)


Processing by Devise::SessionsController#new as HTML
  Parameters: {"utf8"=>"✓", "authenticity_token"=>"bZKn6RObxmvTGOFngftvkkIqPGDjEDSyWi1YiexJbnNcFTe22N8IzaM/lbFXubSXXdwKrl/4ALWD1hqMpgUYqg==", "user"=>{"email"=>"b@b.ca", "password"=>"[FILTERED]", "remember_me"=>"0"}, "commit"=>"Sign in"}
  Rendering devise/sessions/new.html.erb within layouts/application
  Rendered devise/shared/_links.html.erb (1.5ms)
  Rendered devise/sessions/new.html.erb within layouts/application (11.1ms)
Completed 200 OK in 266ms (Views: 89.6ms | ActiveRecord: 0.0ms)


Started GET "/users/sign_up" for 127.0.0.1 at 2018-11-15 22:11:45 -0500
Processing by Devise::RegistrationsController#new as HTML
  Rendering devise/registrations/new.html.erb within layouts/application
  Rendered devise/shared/_links.html.erb (1.6ms)
  Rendered devise/registrations/new.html.erb within layouts/application (6.8ms)
Completed 200 OK in 104ms (Views: 102.1ms | ActiveRecord: 0.0ms)


Started POST "/users" for 127.0.0.1 at 2018-11-15 22:12:05 -0500
Processing by Devise::RegistrationsController#create as HTML
  Parameters: {"utf8"=>"✓", "authenticity_token"=>"2BNBidMu9rq81S4dRx32VjfjlifD53Ui4Bi2Ugj8FQnBqDKMS06VuYn/k8Yjd7mqH0oBKOzSOsgsbCa1nB9Iww==", "user"=>{"email"=>"a@a.ca", "password"=>"[FILTERED]", "password_confirmation"=>"[FILTERED]"}, "commit"=>"Register"}
  [1m[35m (0.1ms)[0m  [1m[36mbegin transaction[0m
  ↳ /Users/bohdanlaluck/.rvm/gems/ruby-2.5.1/gems/activerecord-5.2.0/lib/active_record/log_subscriber.rb:98
  [1m[36mUser Exists (0.2ms)[0m  [1m[34mSELECT  1 AS one FROM "users" WHERE "users"."email" = ? LIMIT ?[0m  [["email", "a@a.ca"], ["LIMIT", 1]]
  ↳ /Users/bohdanlaluck/.rvm/gems/ruby-2.5.1/gems/activerecord-5.2.0/lib/active_record/log_subscriber.rb:98
  [1m[36mUser Create (0.5ms)[0m  [1m[32mINSERT INTO "users" ("created_at", "updated_at", "email", "encrypted_password") VALUES (?, ?, ?, ?)[0m  [["created_at", "2018-11-16 03:12:06.144920"], ["updated_at", "2018-11-16 03:12:06.144920"], ["email", "a@a.ca"], ["encrypted_password", "$2a$11$HrLfT/RvYkPx2Qsq2HY4veg2kzunWNIia7Adj3Fr3JBr0zOHFbKKm"]]
  ↳ /Users/bohdanlaluck/.rvm/gems/ruby-2.5.1/gems/activerecord-5.2.0/lib/active_record/log_subscriber.rb:98
  [1m[35m (1.7ms)[0m  [1m[36mcommit transaction[0m
  ↳ /Users/bohdanlaluck/.rvm/gems/ruby-2.5.1/gems/activerecord-5.2.0/lib/active_record/log_subscriber.rb:98
Redirected to http://localhost:3000/
Completed 302 Found in 200ms (ActiveRecord: 2.5ms)


Started GET "/" for 127.0.0.1 at 2018-11-15 22:12:06 -0500
Processing by SimplePagesController#landing_page as HTML
  Rendering simple_pages/landing_page.html.erb within layouts/application
  [1m[36mProduct Load (0.2ms)[0m  [1m[34mSELECT "products".* FROM "products"[0m
  ↳ app/views/simple_pages/landing_page.html.erb:4
  Rendered simple_pages/landing_page.html.erb within layouts/application (2.0ms)
  [1m[36mUser Load (0.3ms)[0m  [1m[34mSELECT  "users".* FROM "users" WHERE "users"."id" = ? ORDER BY "users"."id" ASC LIMIT ?[0m  [["id", 1], ["LIMIT", 1]]
  ↳ app/views/layouts/application.html.erb:53
Completed 200 OK in 74ms (Views: 70.6ms | ActiveRecord: 0.5ms)


Started DELETE "/users/sign_out" for 127.0.0.1 at 2018-11-15 22:12:08 -0500
Processing by Devise::SessionsController#destroy as HTML
  Parameters: {"authenticity_token"=>"UArkQDup9CUYYxbwnXB2I3VkeUI9VG+oos6fTdJs2y4DW8S5CMHpUpjU6WoN7BBrUIghcnNYlBY/1JBjRcH/vg=="}
  [1m[36mUser Load (0.2ms)[0m  [1m[34mSELECT  "users".* FROM "users" WHERE "users"."id" = ? ORDER BY "users"."id" ASC LIMIT ?[0m  [["id", 1], ["LIMIT", 1]]
  ↳ /Users/bohdanlaluck/.rvm/gems/ruby-2.5.1/gems/activerecord-5.2.0/lib/active_record/log_subscriber.rb:98
  [1m[35m (0.1ms)[0m  [1m[36mbegin transaction[0m
  ↳ /Users/bohdanlaluck/.rvm/gems/ruby-2.5.1/gems/activerecord-5.2.0/lib/active_record/log_subscriber.rb:98
  [1m[35m (0.1ms)[0m  [1m[36mcommit transaction[0m
  ↳ /Users/bohdanlaluck/.rvm/gems/ruby-2.5.1/gems/activerecord-5.2.0/lib/active_record/log_subscriber.rb:98
Redirected to http://localhost:3000/
Completed 302 Found in 8ms (ActiveRecord: 0.3ms)


Started GET "/" for 127.0.0.1 at 2018-11-15 22:12:08 -0500
Processing by SimplePagesController#landing_page as HTML
  Rendering simple_pages/landing_page.html.erb within layouts/application
  [1m[36mProduct Load (0.3ms)[0m  [1m[34mSELECT "products".* FROM "products"[0m
  ↳ app/views/simple_pages/landing_page.html.erb:4
  Rendered simple_pages/landing_page.html.erb within layouts/application (2.4ms)
Completed 200 OK in 53ms (Views: 48.6ms | ActiveRecord: 0.3ms)


Started GET "/users/sign_in" for 127.0.0.1 at 2018-11-15 22:12:10 -0500
Processing by Devise::SessionsController#new as HTML
  Rendering devise/sessions/new.html.erb within layouts/application
  Rendered devise/shared/_links.html.erb (1.0ms)
  Rendered devise/sessions/new.html.erb within layouts/application (6.7ms)
Completed 200 OK in 65ms (Views: 63.2ms | ActiveRecord: 0.0ms)


Started GET "/users/sign_up" for 127.0.0.1 at 2018-11-15 22:12:16 -0500
Processing by Devise::RegistrationsController#new as HTML
  Rendering devise/registrations/new.html.erb within layouts/application
  Rendered devise/shared/_links.html.erb (2.4ms)
  Rendered devise/registrations/new.html.erb within layouts/application (11.9ms)
Completed 200 OK in 113ms (Views: 110.5ms | ActiveRecord: 0.0ms)


Started POST "/users" for 127.0.0.1 at 2018-11-15 22:12:27 -0500
Processing by Devise::RegistrationsController#create as HTML
  Parameters: {"utf8"=>"✓", "authenticity_token"=>"ZACCjYagTcNp6K3f/v1Htbi5F3SIg6nbJDevdcd+5YPQsC69oteeDS/KRuLlgp79+i8l1hoIsBhxT5AYmHJ9bw==", "user"=>{"email"=>"b@b.ca", "password"=>"[FILTERED]", "password_confirmation"=>"[FILTERED]"}, "commit"=>"Register"}
  [1m[35m (0.1ms)[0m  [1m[36mbegin transaction[0m
  ↳ /Users/bohdanlaluck/.rvm/gems/ruby-2.5.1/gems/activerecord-5.2.0/lib/active_record/log_subscriber.rb:98
  [1m[36mUser Exists (0.3ms)[0m  [1m[34mSELECT  1 AS one FROM "users" WHERE "users"."email" = ? LIMIT ?[0m  [["email", "b@b.ca"], ["LIMIT", 1]]
  ↳ /Users/bohdanlaluck/.rvm/gems/ruby-2.5.1/gems/activerecord-5.2.0/lib/active_record/log_subscriber.rb:98
  [1m[36mUser Create (0.6ms)[0m  [1m[32mINSERT INTO "users" ("created_at", "updated_at", "email", "encrypted_password") VALUES (?, ?, ?, ?)[0m  [["created_at", "2018-11-16 03:12:27.234219"], ["updated_at", "2018-11-16 03:12:27.234219"], ["email", "b@b.ca"], ["encrypted_password", "$2a$11$oHbWSyWsglEIjrQoWWJnsenh79UH3jbuFo8PT/s9rHU08iDeWvZ1e"]]
  ↳ /Users/bohdanlaluck/.rvm/gems/ruby-2.5.1/gems/activerecord-5.2.0/lib/active_record/log_subscriber.rb:98
  [1m[35m (1.9ms)[0m  [1m[36mcommit transaction[0m
  ↳ /Users/bohdanlaluck/.rvm/gems/ruby-2.5.1/gems/activerecord-5.2.0/lib/active_record/log_subscriber.rb:98
Redirected to http://localhost:3000/
Completed 302 Found in 198ms (ActiveRecord: 2.8ms)


Started GET "/" for 127.0.0.1 at 2018-11-15 22:12:27 -0500
Processing by SimplePagesController#landing_page as HTML
  Rendering simple_pages/landing_page.html.erb within layouts/application
  [1m[36mProduct Load (0.2ms)[0m  [1m[34mSELECT "products".* FROM "products"[0m
  ↳ app/views/simple_pages/landing_page.html.erb:4
  Rendered simple_pages/landing_page.html.erb within layouts/application (1.6ms)
  [1m[36mUser Load (0.3ms)[0m  [1m[34mSELECT  "users".* FROM "users" WHERE "users"."id" = ? ORDER BY "users"."id" ASC LIMIT ?[0m  [["id", 2], ["LIMIT", 1]]
  ↳ app/views/layouts/application.html.erb:53
Completed 200 OK in 78ms (Views: 74.1ms | ActiveRecord: 0.5ms)


Started GET "/products" for 127.0.0.1 at 2018-11-15 22:12:33 -0500
Processing by ProductsController#index as HTML
  Rendering products/index.html.erb within layouts/application
  [1m[35m (0.2ms)[0m  [1m[34mSELECT MAX("products"."updated_at") FROM "products"[0m
  ↳ app/helpers/products_helper.rb:4
Read fragment views/products/index:f6f7eefd17dda8107ed394644866a5dd/products/all-#<Product::ActiveRecord_Relation:0x00007fb96e8c0ff8>-20181116031131 (5.7ms)
  [1m[36mProduct Load (0.4ms)[0m  [1m[34mSELECT "products".* FROM "products"[0m
  ↳ app/views/products/index.html.erb:8
Read fragment views/products/_product:904244b0ce48f7eb142393c8f61c98bd/products/1-20181116031131820479 (1.2ms)
Write fragment views/products/_product:904244b0ce48f7eb142393c8f61c98bd/products/1-20181116031131820479 (0.9ms)
  [1m[36mUser Load (0.3ms)[0m  [1m[34mSELECT  "users".* FROM "users" WHERE "users"."id" = ? ORDER BY "users"."id" ASC LIMIT ?[0m  [["id", 2], ["LIMIT", 1]]
  ↳ app/views/products/_product.html.erb:12
Read fragment views/products/_product:904244b0ce48f7eb142393c8f61c98bd/products/2-20181116031131825653 (0.9ms)
Write fragment views/products/_product:904244b0ce48f7eb142393c8f61c98bd/products/2-20181116031131825653 (0.8ms)
Read fragment views/products/_product:904244b0ce48f7eb142393c8f61c98bd/products/3-20181116031131830807 (0.8ms)
Write fragment views/products/_product:904244b0ce48f7eb142393c8f61c98bd/products/3-20181116031131830807 (0.7ms)
Read fragment views/products/_product:904244b0ce48f7eb142393c8f61c98bd/products/4-20181116031131836147 (0.7ms)
Write fragment views/products/_product:904244b0ce48f7eb142393c8f61c98bd/products/4-20181116031131836147 (0.7ms)
  Rendered collection of products/_product.html.erb [4 times] (29.5ms)
Write fragment views/products/index:f6f7eefd17dda8107ed394644866a5dd/products/all-#<Product::ActiveRecord_Relation:0x00007fb96e8c0ff8>-20181116031131 (0.7ms)
  Rendered products/index.html.erb within layouts/application (53.7ms)
Completed 200 OK in 114ms (Views: 110.5ms | ActiveRecord: 0.9ms)


Started DELETE "/users/sign_out" for 127.0.0.1 at 2018-11-15 22:12:40 -0500
Processing by Devise::SessionsController#destroy as HTML
  Parameters: {"authenticity_token"=>"8gtKEQ5xFio/LFOeTAOVVxW7Jmgxy1krpcrz7oZApew14USy1058zh0ttzeLtcbADnUKHZ28WwLYluTu5EH0hg=="}
  [1m[36mUser Load (0.3ms)[0m  [1m[34mSELECT  "users".* FROM "users" WHERE "users"."id" = ? ORDER BY "users"."id" ASC LIMIT ?[0m  [["id", 2], ["LIMIT", 1]]
  ↳ /Users/bohdanlaluck/.rvm/gems/ruby-2.5.1/gems/activerecord-5.2.0/lib/active_record/log_subscriber.rb:98
  [1m[35m (0.2ms)[0m  [1m[36mbegin transaction[0m
  ↳ /Users/bohdanlaluck/.rvm/gems/ruby-2.5.1/gems/activerecord-5.2.0/lib/active_record/log_subscriber.rb:98
  [1m[35m (0.1ms)[0m  [1m[36mcommit transaction[0m
  ↳ /Users/bohdanlaluck/.rvm/gems/ruby-2.5.1/gems/activerecord-5.2.0/lib/active_record/log_subscriber.rb:98
Redirected to http://localhost:3000/
Completed 302 Found in 5ms (ActiveRecord: 0.5ms)


Started GET "/" for 127.0.0.1 at 2018-11-15 22:12:40 -0500
Processing by SimplePagesController#landing_page as HTML
  Rendering simple_pages/landing_page.html.erb within layouts/application
  [1m[36mProduct Load (0.2ms)[0m  [1m[34mSELECT "products".* FROM "products"[0m
  ↳ app/views/simple_pages/landing_page.html.erb:4
  Rendered simple_pages/landing_page.html.erb within layouts/application (1.9ms)
Completed 200 OK in 54ms (Views: 48.1ms | ActiveRecord: 0.2ms)


Started GET "/products" for 127.0.0.1 at 2018-11-15 22:12:42 -0500
Processing by ProductsController#index as HTML
  Rendering products/index.html.erb within layouts/application
  [1m[35m (0.3ms)[0m  [1m[34mSELECT MAX("products"."updated_at") FROM "products"[0m
  ↳ app/helpers/products_helper.rb:4
Read fragment views/products/index:f6f7eefd17dda8107ed394644866a5dd/products/all-#<Product::ActiveRecord_Relation:0x00007fb96caf3340>-20181116031131 (0.6ms)
  [1m[36mProduct Load (0.2ms)[0m  [1m[34mSELECT "products".* FROM "products"[0m
  ↳ app/views/products/index.html.erb:8
Read fragment views/products/_product:904244b0ce48f7eb142393c8f61c98bd/products/1-20181116031131820479 (0.7ms)
Read fragment views/products/_product:904244b0ce48f7eb142393c8f61c98bd/products/2-20181116031131825653 (0.6ms)
Read fragment views/products/_product:904244b0ce48f7eb142393c8f61c98bd/products/3-20181116031131830807 (0.5ms)
Read fragment views/products/_product:904244b0ce48f7eb142393c8f61c98bd/products/4-20181116031131836147 (0.5ms)
  Rendered collection of products/_product.html.erb [4 times] (6.0ms)
Write fragment views/products/index:f6f7eefd17dda8107ed394644866a5dd/products/all-#<Product::ActiveRecord_Relation:0x00007fb96caf3340>-20181116031131 (0.5ms)
  Rendered products/index.html.erb within layouts/application (16.9ms)
Completed 200 OK in 64ms (Views: 59.6ms | ActiveRecord: 0.6ms)


Started GET "/products/1" for 127.0.0.1 at 2018-11-15 22:12:44 -0500
Processing by ProductsController#show as HTML
  Parameters: {"id"=>"1"}
  [1m[36mProduct Load (0.5ms)[0m  [1m[34mSELECT  "products".* FROM "products" WHERE "products"."id" = ? LIMIT ?[0m  [["id", 1], ["LIMIT", 1]]
  ↳ app/controllers/products_controller.rb:82
  [1m[36mCACHE Product Load (0.0ms)[0m  [1m[34mSELECT  "products".* FROM "products" WHERE "products"."id" = ? LIMIT ?[0m  [["id", 1], ["LIMIT", 1]]
  ↳ app/controllers/products_controller.rb:19
  Rendering products/show.html.erb within layouts/application
Read fragment views/products/show:793caf339547f8945d96b62fe4b21780/products/1-20181116031131820479 (0.7ms)
Write fragment views/products/show:793caf339547f8945d96b62fe4b21780/products/1-20181116031131820479 (0.6ms)
  [1m[35m (0.3ms)[0m  [1m[34mSELECT AVG("comments"."rating") FROM "comments" WHERE "comments"."product_id" = ?[0m  [["product_id", 1]]
  ↳ app/models/product.rb:24
  Rendered shared/_stripe_checkout_button.html.erb (0.9ms)
  Rendered products/_new_comment.html.erb (0.6ms)
  [1m[36mComment Load (0.2ms)[0m  [1m[34mSELECT  "comments".* FROM "comments" WHERE "comments"."product_id" = ? ORDER BY created_at DESC LIMIT ? OFFSET ?[0m  [["product_id", 1], ["LIMIT", 5], ["OFFSET", 0]]
  ↳ app/views/products/_comments.html.erb:2
  Rendered products/_comments.html.erb (1.7ms)
  Rendered products/show.html.erb within layouts/application (35.0ms)
Completed 200 OK in 133ms (Views: 90.6ms | ActiveRecord: 1.6ms)


Started GET "/users/sign_in" for 127.0.0.1 at 2018-11-15 22:12:47 -0500
Processing by Devise::SessionsController#new as HTML
  Rendering devise/sessions/new.html.erb within layouts/application
  Rendered devise/shared/_links.html.erb (1.8ms)
  Rendered devise/sessions/new.html.erb within layouts/application (6.8ms)
Completed 200 OK in 55ms (Views: 53.2ms | ActiveRecord: 0.0ms)


  [1m[36mUser Load (0.2ms)[0m  [1m[34mSELECT  "users".* FROM "users" ORDER BY "users"."id" ASC LIMIT ?[0m  [["LIMIT", 1]]
  [1m[35m (0.1ms)[0m  [1m[36mbegin transaction[0m
  [1m[36mUser Update (0.4ms)[0m  [1m[33mUPDATE "users" SET "updated_at" = ?, "admin" = ? WHERE "users"."id" = ?[0m  [["updated_at", "2018-11-16 03:13:09.127454"], ["admin", 1], ["id", 1]]
  [1m[35m (1.1ms)[0m  [1m[36mcommit transaction[0m
Started POST "/users/sign_in" for 127.0.0.1 at 2018-11-15 22:13:26 -0500
  [1m[35m (0.5ms)[0m  [1m[34mSELECT "schema_migrations"."version" FROM "schema_migrations" ORDER BY "schema_migrations"."version" ASC[0m
  ↳ /Users/bohdanlaluck/.rvm/gems/ruby-2.5.1/gems/activerecord-5.2.0/lib/active_record/log_subscriber.rb:98
Processing by Devise::SessionsController#create as HTML
  Parameters: {"utf8"=>"✓", "authenticity_token"=>"6UTWREV1ZX3FeuUW+LZc3rNNSfP/20aiXOze/4AvzhXp1nHnsxO3N3OlQoqJnXjoLYhaqko5R7VP8M22WB8E1A==", "user"=>{"email"=>"b@b.ca", "password"=>"[FILTERED]", "remember_me"=>"0"}, "commit"=>"Sign in"}
  [1m[36mUser Load (0.2ms)[0m  [1m[34mSELECT  "users".* FROM "users" WHERE "users"."email" = ? ORDER BY "users"."id" ASC LIMIT ?[0m  [["email", "b@b.ca"], ["LIMIT", 1]]
  ↳ /Users/bohdanlaluck/.rvm/gems/ruby-2.5.1/gems/activerecord-5.2.0/lib/active_record/log_subscriber.rb:98
Redirected to http://localhost:3000/
Completed 302 Found in 210ms (ActiveRecord: 1.2ms)


Started GET "/" for 127.0.0.1 at 2018-11-15 22:13:26 -0500
Processing by SimplePagesController#landing_page as HTML
  Rendering simple_pages/landing_page.html.erb within layouts/application
  [1m[36mProduct Load (1.0ms)[0m  [1m[34mSELECT "products".* FROM "products"[0m
  ↳ app/views/simple_pages/landing_page.html.erb:4
  Rendered simple_pages/landing_page.html.erb within layouts/application (17.9ms)
  [1m[36mUser Load (0.6ms)[0m  [1m[34mSELECT  "users".* FROM "users" WHERE "users"."id" = ? ORDER BY "users"."id" ASC LIMIT ?[0m  [["id", 2], ["LIMIT", 1]]
  ↳ app/views/layouts/application.html.erb:53
Completed 200 OK in 322ms (Views: 313.3ms | ActiveRecord: 2.0ms)


Started GET "/products" for 127.0.0.1 at 2018-11-15 22:13:29 -0500
Processing by ProductsController#index as HTML
  Rendering products/index.html.erb within layouts/application
  [1m[35m (0.2ms)[0m  [1m[34mSELECT MAX("products"."updated_at") FROM "products"[0m
  ↳ app/helpers/products_helper.rb:4
Read fragment views/products/index:f6f7eefd17dda8107ed394644866a5dd/products/all-#<Product::ActiveRecord_Relation:0x00007fdd4ebd7080>-20181116031131 (2.8ms)
  [1m[36mProduct Load (0.3ms)[0m  [1m[34mSELECT "products".* FROM "products"[0m
  ↳ app/views/products/index.html.erb:8
Read fragment views/products/_product:904244b0ce48f7eb142393c8f61c98bd/products/1-20181116031131820479 (1.7ms)
  [1m[36mUser Load (0.2ms)[0m  [1m[34mSELECT  "users".* FROM "users" WHERE "users"."id" = ? ORDER BY "users"."id" ASC LIMIT ?[0m  [["id", 2], ["LIMIT", 1]]
  ↳ app/views/products/_product.html.erb:12
Read fragment views/products/_product:904244b0ce48f7eb142393c8f61c98bd/products/2-20181116031131825653 (0.6ms)
Read fragment views/products/_product:904244b0ce48f7eb142393c8f61c98bd/products/3-20181116031131830807 (0.5ms)
Read fragment views/products/_product:904244b0ce48f7eb142393c8f61c98bd/products/4-20181116031131836147 (0.5ms)
  Rendered collection of products/_product.html.erb [4 times] (9.8ms)
Write fragment views/products/index:f6f7eefd17dda8107ed394644866a5dd/products/all-#<Product::ActiveRecord_Relation:0x00007fdd4ebd7080>-20181116031131 (1.0ms)
  Rendered products/index.html.erb within layouts/application (26.9ms)
Completed 200 OK in 82ms (Views: 77.1ms | ActiveRecord: 0.8ms)


Started GET "/products/1" for 127.0.0.1 at 2018-11-15 22:13:33 -0500
Processing by ProductsController#show as HTML
  Parameters: {"id"=>"1"}
  [1m[36mProduct Load (0.4ms)[0m  [1m[34mSELECT  "products".* FROM "products" WHERE "products"."id" = ? LIMIT ?[0m  [["id", 1], ["LIMIT", 1]]
  ↳ app/controllers/products_controller.rb:82
  [1m[36mCACHE Product Load (0.0ms)[0m  [1m[34mSELECT  "products".* FROM "products" WHERE "products"."id" = ? LIMIT ?[0m  [["id", 1], ["LIMIT", 1]]
  ↳ app/controllers/products_controller.rb:19
  Rendering products/show.html.erb within layouts/application
Read fragment views/products/show:793caf339547f8945d96b62fe4b21780/products/1-20181116031131820479 (1.2ms)
  [1m[35m (0.3ms)[0m  [1m[34mSELECT AVG("comments"."rating") FROM "comments" WHERE "comments"."product_id" = ?[0m  [["product_id", 1]]
  ↳ app/models/product.rb:24
  [1m[36mUser Load (0.2ms)[0m  [1m[34mSELECT  "users".* FROM "users" WHERE "users"."id" = ? ORDER BY "users"."id" ASC LIMIT ?[0m  [["id", 2], ["LIMIT", 1]]
  ↳ app/views/shared/_stripe_checkout_button.html.erb:1
  Rendered shared/_stripe_checkout_button.html.erb (1.9ms)
  Rendered products/_new_comment.html.erb (11.2ms)
  [1m[36mComment Load (0.2ms)[0m  [1m[34mSELECT  "comments".* FROM "comments" WHERE "comments"."product_id" = ? ORDER BY created_at DESC LIMIT ? OFFSET ?[0m  [["product_id", 1], ["LIMIT", 5], ["OFFSET", 0]]
  ↳ app/views/products/_comments.html.erb:2
  Rendered products/_comments.html.erb (1.5ms)
  Rendered products/show.html.erb within layouts/application (38.3ms)
Completed 200 OK in 111ms (Views: 93.2ms | ActiveRecord: 2.2ms)


Started DELETE "/users/sign_out" for 127.0.0.1 at 2018-11-15 22:13:41 -0500
Processing by Devise::SessionsController#destroy as HTML
  Parameters: {"authenticity_token"=>"ShbzNkPOdWFjJnC8zkd2pLibDvYG2VximwnA1zwO1F9KdWFvpyBe49cCzcLfR7VrYcSExFni8yK4vLY4MG8X5A=="}
  [1m[36mUser Load (0.2ms)[0m  [1m[34mSELECT  "users".* FROM "users" WHERE "users"."id" = ? ORDER BY "users"."id" ASC LIMIT ?[0m  [["id", 2], ["LIMIT", 1]]
  ↳ /Users/bohdanlaluck/.rvm/gems/ruby-2.5.1/gems/activerecord-5.2.0/lib/active_record/log_subscriber.rb:98
  [1m[35m (0.1ms)[0m  [1m[36mbegin transaction[0m
  ↳ /Users/bohdanlaluck/.rvm/gems/ruby-2.5.1/gems/activerecord-5.2.0/lib/active_record/log_subscriber.rb:98
  [1m[35m (0.1ms)[0m  [1m[36mcommit transaction[0m
  ↳ /Users/bohdanlaluck/.rvm/gems/ruby-2.5.1/gems/activerecord-5.2.0/lib/active_record/log_subscriber.rb:98
Redirected to http://localhost:3000/
Completed 302 Found in 5ms (ActiveRecord: 0.3ms)


Started GET "/" for 127.0.0.1 at 2018-11-15 22:13:41 -0500
Processing by SimplePagesController#landing_page as HTML
  Rendering simple_pages/landing_page.html.erb within layouts/application
  [1m[36mProduct Load (0.2ms)[0m  [1m[34mSELECT "products".* FROM "products"[0m
  ↳ app/views/simple_pages/landing_page.html.erb:4
  Rendered simple_pages/landing_page.html.erb within layouts/application (2.0ms)
Completed 200 OK in 55ms (Views: 52.6ms | ActiveRecord: 0.2ms)


Started GET "/users/sign_in" for 127.0.0.1 at 2018-11-15 22:13:43 -0500
Processing by Devise::SessionsController#new as HTML
  Rendering devise/sessions/new.html.erb within layouts/application
  Rendered devise/shared/_links.html.erb (1.1ms)
  Rendered devise/sessions/new.html.erb within layouts/application (6.9ms)
Completed 200 OK in 61ms (Views: 58.3ms | ActiveRecord: 0.0ms)


Started POST "/users/sign_in" for 127.0.0.1 at 2018-11-15 22:13:46 -0500
Processing by Devise::SessionsController#create as HTML
  Parameters: {"utf8"=>"✓", "authenticity_token"=>"P9BcppOKlirnj1qG0V/04GHaxwjENoim7MSTCfslD94VwQ+ATK0KNiupBxtPpeN0/qsNJ/ZzosDeUARerN66tg==", "user"=>{"email"=>"a@a.ca", "password"=>"[FILTERED]", "remember_me"=>"0"}, "commit"=>"Sign in"}
  [1m[36mUser Load (0.3ms)[0m  [1m[34mSELECT  "users".* FROM "users" WHERE "users"."email" = ? ORDER BY "users"."id" ASC LIMIT ?[0m  [["email", "a@a.ca"], ["LIMIT", 1]]
  ↳ /Users/bohdanlaluck/.rvm/gems/ruby-2.5.1/gems/activerecord-5.2.0/lib/active_record/log_subscriber.rb:98
Redirected to http://localhost:3000/
Completed 302 Found in 165ms (ActiveRecord: 0.3ms)


Started GET "/" for 127.0.0.1 at 2018-11-15 22:13:47 -0500
Processing by SimplePagesController#landing_page as HTML
  Rendering simple_pages/landing_page.html.erb within layouts/application
  [1m[36mProduct Load (0.2ms)[0m  [1m[34mSELECT "products".* FROM "products"[0m
  ↳ app/views/simple_pages/landing_page.html.erb:4
  Rendered simple_pages/landing_page.html.erb within layouts/application (1.7ms)
  [1m[36mUser Load (0.3ms)[0m  [1m[34mSELECT  "users".* FROM "users" WHERE "users"."id" = ? ORDER BY "users"."id" ASC LIMIT ?[0m  [["id", 1], ["LIMIT", 1]]
  ↳ app/views/layouts/application.html.erb:53
Completed 200 OK in 60ms (Views: 57.6ms | ActiveRecord: 0.5ms)


Started GET "/products" for 127.0.0.1 at 2018-11-15 22:13:48 -0500
Processing by ProductsController#index as HTML
  Rendering products/index.html.erb within layouts/application
  [1m[35m (0.2ms)[0m  [1m[34mSELECT MAX("products"."updated_at") FROM "products"[0m
  ↳ app/helpers/products_helper.rb:4
Read fragment views/products/index:f6f7eefd17dda8107ed394644866a5dd/products/all-#<Product::ActiveRecord_Relation:0x00007fdd50b87538>-20181116031131 (0.5ms)
  [1m[36mProduct Load (0.2ms)[0m  [1m[34mSELECT "products".* FROM "products"[0m
  ↳ app/views/products/index.html.erb:8
Read fragment views/products/_product:904244b0ce48f7eb142393c8f61c98bd/products/1-20181116031131820479 (0.7ms)
  [1m[36mUser Load (0.2ms)[0m  [1m[34mSELECT  "users".* FROM "users" WHERE "users"."id" = ? ORDER BY "users"."id" ASC LIMIT ?[0m  [["id", 1], ["LIMIT", 1]]
  ↳ app/views/products/_product.html.erb:12
Read fragment views/products/_product:904244b0ce48f7eb142393c8f61c98bd/products/2-20181116031131825653 (0.6ms)
Read fragment views/products/_product:904244b0ce48f7eb142393c8f61c98bd/products/3-20181116031131830807 (0.5ms)
Read fragment views/products/_product:904244b0ce48f7eb142393c8f61c98bd/products/4-20181116031131836147 (0.6ms)
  Rendered collection of products/_product.html.erb [4 times] (8.1ms)
Write fragment views/products/index:f6f7eefd17dda8107ed394644866a5dd/products/all-#<Product::ActiveRecord_Relation:0x00007fdd50b87538>-20181116031131 (0.9ms)
  Rendered products/index.html.erb within layouts/application (19.2ms)
Completed 200 OK in 78ms (Views: 72.3ms | ActiveRecord: 0.6ms)


Started GET "/products/2" for 127.0.0.1 at 2018-11-15 22:13:53 -0500
Processing by ProductsController#show as HTML
  Parameters: {"id"=>"2"}
  [1m[36mProduct Load (0.2ms)[0m  [1m[34mSELECT  "products".* FROM "products" WHERE "products"."id" = ? LIMIT ?[0m  [["id", 2], ["LIMIT", 1]]
  ↳ app/controllers/products_controller.rb:82
  [1m[36mCACHE Product Load (0.0ms)[0m  [1m[34mSELECT  "products".* FROM "products" WHERE "products"."id" = ? LIMIT ?[0m  [["id", 2], ["LIMIT", 1]]
  ↳ app/controllers/products_controller.rb:19
  Rendering products/show.html.erb within layouts/application
Read fragment views/products/show:793caf339547f8945d96b62fe4b21780/products/2-20181116031131825653 (0.7ms)
Write fragment views/products/show:793caf339547f8945d96b62fe4b21780/products/2-20181116031131825653 (0.5ms)
  [1m[35m (0.2ms)[0m  [1m[34mSELECT AVG("comments"."rating") FROM "comments" WHERE "comments"."product_id" = ?[0m  [["product_id", 2]]
  ↳ app/models/product.rb:24
  [1m[36mUser Load (0.2ms)[0m  [1m[34mSELECT  "users".* FROM "users" WHERE "users"."id" = ? ORDER BY "users"."id" ASC LIMIT ?[0m  [["id", 1], ["LIMIT", 1]]
  ↳ app/views/shared/_stripe_checkout_button.html.erb:1
  Rendered shared/_stripe_checkout_button.html.erb (2.5ms)
  Rendered products/_new_comment.html.erb (1.4ms)
  [1m[36mComment Load (0.2ms)[0m  [1m[34mSELECT  "comments".* FROM "comments" WHERE "comments"."product_id" = ? ORDER BY created_at DESC LIMIT ? OFFSET ?[0m  [["product_id", 2], ["LIMIT", 5], ["OFFSET", 0]]
  ↳ app/views/products/_comments.html.erb:2
  Rendered products/_comments.html.erb (1.3ms)
  Rendered products/show.html.erb within layouts/application (28.2ms)
Completed 200 OK in 72ms (Views: 63.8ms | ActiveRecord: 0.9ms)


Started GET "/products" for 127.0.0.1 at 2018-11-15 22:13:56 -0500
Processing by ProductsController#index as HTML
  Rendering products/index.html.erb within layouts/application
  [1m[35m (1.4ms)[0m  [1m[34mSELECT MAX("products"."updated_at") FROM "products"[0m
  ↳ app/helpers/products_helper.rb:4
Read fragment views/products/index:f6f7eefd17dda8107ed394644866a5dd/products/all-#<Product::ActiveRecord_Relation:0x00007fdd50d23dd8>-20181116031131 (0.8ms)
  [1m[36mProduct Load (0.4ms)[0m  [1m[34mSELECT "products".* FROM "products"[0m
  ↳ app/views/products/index.html.erb:8
Read fragment views/products/_product:904244b0ce48f7eb142393c8f61c98bd/products/1-20181116031131820479 (1.2ms)
  [1m[36mUser Load (0.5ms)[0m  [1m[34mSELECT  "users".* FROM "users" WHERE "users"."id" = ? ORDER BY "users"."id" ASC LIMIT ?[0m  [["id", 1], ["LIMIT", 1]]
  ↳ app/views/products/_product.html.erb:12
Read fragment views/products/_product:904244b0ce48f7eb142393c8f61c98bd/products/2-20181116031131825653 (1.0ms)
Read fragment views/products/_product:904244b0ce48f7eb142393c8f61c98bd/products/3-20181116031131830807 (1.7ms)
Read fragment views/products/_product:904244b0ce48f7eb142393c8f61c98bd/products/4-20181116031131836147 (1.9ms)
  Rendered collection of products/_product.html.erb [4 times] (49.4ms)
Write fragment views/products/index:f6f7eefd17dda8107ed394644866a5dd/products/all-#<Product::ActiveRecord_Relation:0x00007fdd50d23dd8>-20181116031131 (0.9ms)
  Rendered products/index.html.erb within layouts/application (75.0ms)
Completed 200 OK in 162ms (Views: 151.2ms | ActiveRecord: 2.2ms)


Started GET "/products/3" for 127.0.0.1 at 2018-11-15 22:13:58 -0500
Processing by ProductsController#show as HTML
  Parameters: {"id"=>"3"}
  [1m[36mProduct Load (0.2ms)[0m  [1m[34mSELECT  "products".* FROM "products" WHERE "products"."id" = ? LIMIT ?[0m  [["id", 3], ["LIMIT", 1]]
  ↳ app/controllers/products_controller.rb:82
  [1m[36mCACHE Product Load (0.0ms)[0m  [1m[34mSELECT  "products".* FROM "products" WHERE "products"."id" = ? LIMIT ?[0m  [["id", 3], ["LIMIT", 1]]
  ↳ app/controllers/products_controller.rb:19
  Rendering products/show.html.erb within layouts/application
Read fragment views/products/show:793caf339547f8945d96b62fe4b21780/products/3-20181116031131830807 (0.7ms)
Write fragment views/products/show:793caf339547f8945d96b62fe4b21780/products/3-20181116031131830807 (0.4ms)
  [1m[35m (0.2ms)[0m  [1m[34mSELECT AVG("comments"."rating") FROM "comments" WHERE "comments"."product_id" = ?[0m  [["product_id", 3]]
  ↳ app/models/product.rb:24
  [1m[36mUser Load (0.2ms)[0m  [1m[34mSELECT  "users".* FROM "users" WHERE "users"."id" = ? ORDER BY "users"."id" ASC LIMIT ?[0m  [["id", 1], ["LIMIT", 1]]
  ↳ app/views/shared/_stripe_checkout_button.html.erb:1
  Rendered shared/_stripe_checkout_button.html.erb (1.7ms)
  Rendered products/_new_comment.html.erb (2.2ms)
  [1m[36mComment Load (0.3ms)[0m  [1m[34mSELECT  "comments".* FROM "comments" WHERE "comments"."product_id" = ? ORDER BY created_at DESC LIMIT ? OFFSET ?[0m  [["product_id", 3], ["LIMIT", 5], ["OFFSET", 0]]
  ↳ app/views/products/_comments.html.erb:2
  Rendered products/_comments.html.erb (1.5ms)
  Rendered products/show.html.erb within layouts/application (27.1ms)
Completed 200 OK in 73ms (Views: 66.8ms | ActiveRecord: 0.9ms)


Started GET "/products" for 127.0.0.1 at 2018-11-15 22:14:00 -0500
Processing by ProductsController#index as HTML
  Rendering products/index.html.erb within layouts/application
  [1m[35m (0.3ms)[0m  [1m[34mSELECT MAX("products"."updated_at") FROM "products"[0m
  ↳ app/helpers/products_helper.rb:4
Read fragment views/products/index:f6f7eefd17dda8107ed394644866a5dd/products/all-#<Product::ActiveRecord_Relation:0x00007fdd5258ed50>-20181116031131 (1.1ms)
  [1m[36mProduct Load (0.4ms)[0m  [1m[34mSELECT "products".* FROM "products"[0m
  ↳ app/views/products/index.html.erb:8
Read fragment views/products/_product:904244b0ce48f7eb142393c8f61c98bd/products/1-20181116031131820479 (2.5ms)
  [1m[36mUser Load (0.4ms)[0m  [1m[34mSELECT  "users".* FROM "users" WHERE "users"."id" = ? ORDER BY "users"."id" ASC LIMIT ?[0m  [["id", 1], ["LIMIT", 1]]
  ↳ app/views/products/_product.html.erb:12
Read fragment views/products/_product:904244b0ce48f7eb142393c8f61c98bd/products/2-20181116031131825653 (5.5ms)
Read fragment views/products/_product:904244b0ce48f7eb142393c8f61c98bd/products/3-20181116031131830807 (1.3ms)
Read fragment views/products/_product:904244b0ce48f7eb142393c8f61c98bd/products/4-20181116031131836147 (2.3ms)
  Rendered collection of products/_product.html.erb [4 times] (33.0ms)
Write fragment views/products/index:f6f7eefd17dda8107ed394644866a5dd/products/all-#<Product::ActiveRecord_Relation:0x00007fdd5258ed50>-20181116031131 (0.9ms)
  Rendered products/index.html.erb within layouts/application (58.9ms)
Completed 200 OK in 140ms (Views: 131.9ms | ActiveRecord: 1.0ms)


Started GET "/products/2" for 127.0.0.1 at 2018-11-15 22:14:02 -0500
Processing by ProductsController#show as HTML
  Parameters: {"id"=>"2"}
  [1m[36mProduct Load (0.2ms)[0m  [1m[34mSELECT  "products".* FROM "products" WHERE "products"."id" = ? LIMIT ?[0m  [["id", 2], ["LIMIT", 1]]
  ↳ app/controllers/products_controller.rb:82
  [1m[36mCACHE Product Load (0.0ms)[0m  [1m[34mSELECT  "products".* FROM "products" WHERE "products"."id" = ? LIMIT ?[0m  [["id", 2], ["LIMIT", 1]]
  ↳ app/controllers/products_controller.rb:19
  Rendering products/show.html.erb within layouts/application
Read fragment views/products/show:793caf339547f8945d96b62fe4b21780/products/2-20181116031131825653 (2.0ms)
  [1m[35m (0.2ms)[0m  [1m[34mSELECT AVG("comments"."rating") FROM "comments" WHERE "comments"."product_id" = ?[0m  [["product_id", 2]]
  ↳ app/models/product.rb:24
  [1m[36mUser Load (0.4ms)[0m  [1m[34mSELECT  "users".* FROM "users" WHERE "users"."id" = ? ORDER BY "users"."id" ASC LIMIT ?[0m  [["id", 1], ["LIMIT", 1]]
  ↳ app/views/shared/_stripe_checkout_button.html.erb:1
  Rendered shared/_stripe_checkout_button.html.erb (3.1ms)
  Rendered products/_new_comment.html.erb (1.4ms)
  [1m[36mComment Load (0.3ms)[0m  [1m[34mSELECT  "comments".* FROM "comments" WHERE "comments"."product_id" = ? ORDER BY created_at DESC LIMIT ? OFFSET ?[0m  [["product_id", 2], ["LIMIT", 5], ["OFFSET", 0]]
  ↳ app/views/products/_comments.html.erb:2
  Rendered products/_comments.html.erb (1.6ms)
  Rendered products/show.html.erb within layouts/application (87.2ms)
Completed 200 OK in 195ms (Views: 185.0ms | ActiveRecord: 1.1ms)


Started GET "/products" for 127.0.0.1 at 2018-11-15 22:14:05 -0500
Processing by ProductsController#index as HTML
  Rendering products/index.html.erb within layouts/application
  [1m[35m (0.3ms)[0m  [1m[34mSELECT MAX("products"."updated_at") FROM "products"[0m
  ↳ app/helpers/products_helper.rb:4
Read fragment views/products/index:f6f7eefd17dda8107ed394644866a5dd/products/all-#<Product::ActiveRecord_Relation:0x00007fdd543da868>-20181116031131 (1.1ms)
  [1m[36mProduct Load (0.4ms)[0m  [1m[34mSELECT "products".* FROM "products"[0m
  ↳ app/views/products/index.html.erb:8
Read fragment views/products/_product:904244b0ce48f7eb142393c8f61c98bd/products/1-20181116031131820479 (1.5ms)
  [1m[36mUser Load (0.4ms)[0m  [1m[34mSELECT  "users".* FROM "users" WHERE "users"."id" = ? ORDER BY "users"."id" ASC LIMIT ?[0m  [["id", 1], ["LIMIT", 1]]
  ↳ app/views/products/_product.html.erb:12
Read fragment views/products/_product:904244b0ce48f7eb142393c8f61c98bd/products/2-20181116031131825653 (1.0ms)
Read fragment views/products/_product:904244b0ce48f7eb142393c8f61c98bd/products/3-20181116031131830807 (1.1ms)
Read fragment views/products/_product:904244b0ce48f7eb142393c8f61c98bd/products/4-20181116031131836147 (1.0ms)
  Rendered collection of products/_product.html.erb [4 times] (13.8ms)
Write fragment views/products/index:f6f7eefd17dda8107ed394644866a5dd/products/all-#<Product::ActiveRecord_Relation:0x00007fdd543da868>-20181116031131 (1.2ms)
  Rendered products/index.html.erb within layouts/application (32.4ms)
Completed 200 OK in 177ms (Views: 171.5ms | ActiveRecord: 1.1ms)


Started GET "/products/4" for 127.0.0.1 at 2018-11-15 22:14:07 -0500
Processing by ProductsController#show as HTML
  Parameters: {"id"=>"4"}
  [1m[36mProduct Load (0.3ms)[0m  [1m[34mSELECT  "products".* FROM "products" WHERE "products"."id" = ? LIMIT ?[0m  [["id", 4], ["LIMIT", 1]]
  ↳ app/controllers/products_controller.rb:82
  [1m[36mCACHE Product Load (0.0ms)[0m  [1m[34mSELECT  "products".* FROM "products" WHERE "products"."id" = ? LIMIT ?[0m  [["id", 4], ["LIMIT", 1]]
  ↳ app/controllers/products_controller.rb:19
  Rendering products/show.html.erb within layouts/application
Read fragment views/products/show:793caf339547f8945d96b62fe4b21780/products/4-20181116031131836147 (0.7ms)
Write fragment views/products/show:793caf339547f8945d96b62fe4b21780/products/4-20181116031131836147 (0.4ms)
  [1m[35m (0.2ms)[0m  [1m[34mSELECT AVG("comments"."rating") FROM "comments" WHERE "comments"."product_id" = ?[0m  [["product_id", 4]]
  ↳ app/models/product.rb:24
  [1m[36mUser Load (0.2ms)[0m  [1m[34mSELECT  "users".* FROM "users" WHERE "users"."id" = ? ORDER BY "users"."id" ASC LIMIT ?[0m  [["id", 1], ["LIMIT", 1]]
  ↳ app/views/shared/_stripe_checkout_button.html.erb:1
  Rendered shared/_stripe_checkout_button.html.erb (2.0ms)
  Rendered products/_new_comment.html.erb (1.3ms)
  [1m[36mComment Load (0.2ms)[0m  [1m[34mSELECT  "comments".* FROM "comments" WHERE "comments"."product_id" = ? ORDER BY created_at DESC LIMIT ? OFFSET ?[0m  [["product_id", 4], ["LIMIT", 5], ["OFFSET", 0]]
  ↳ app/views/products/_comments.html.erb:2
  Rendered products/_comments.html.erb (1.4ms)
  Rendered products/show.html.erb within layouts/application (25.3ms)
Completed 200 OK in 69ms (Views: 62.9ms | ActiveRecord: 1.0ms)


Started GET "/products" for 127.0.0.1 at 2018-11-15 22:14:11 -0500
Processing by ProductsController#index as HTML
  Rendering products/index.html.erb within layouts/application
  [1m[35m (0.6ms)[0m  [1m[34mSELECT MAX("products"."updated_at") FROM "products"[0m
  ↳ app/helpers/products_helper.rb:4
Read fragment views/products/index:f6f7eefd17dda8107ed394644866a5dd/products/all-#<Product::ActiveRecord_Relation:0x00007fdd5255f550>-20181116031131 (2.2ms)
  [1m[36mProduct Load (0.4ms)[0m  [1m[34mSELECT "products".* FROM "products"[0m
  ↳ app/views/products/index.html.erb:8
Read fragment views/products/_product:904244b0ce48f7eb142393c8f61c98bd/products/1-20181116031131820479 (0.7ms)
  [1m[36mUser Load (0.6ms)[0m  [1m[34mSELECT  "users".* FROM "users" WHERE "users"."id" = ? ORDER BY "users"."id" ASC LIMIT ?[0m  [["id", 1], ["LIMIT", 1]]
  ↳ app/views/products/_product.html.erb:12
Read fragment views/products/_product:904244b0ce48f7eb142393c8f61c98bd/products/2-20181116031131825653 (0.8ms)
Read fragment views/products/_product:904244b0ce48f7eb142393c8f61c98bd/products/3-20181116031131830807 (1.3ms)
Read fragment views/products/_product:904244b0ce48f7eb142393c8f61c98bd/products/4-20181116031131836147 (0.9ms)
  Rendered collection of products/_product.html.erb [4 times] (19.0ms)
Write fragment views/products/index:f6f7eefd17dda8107ed394644866a5dd/products/all-#<Product::ActiveRecord_Relation:0x00007fdd5255f550>-20181116031131 (3.0ms)
  Rendered products/index.html.erb within layouts/application (63.5ms)
Completed 200 OK in 152ms (Views: 144.4ms | ActiveRecord: 1.6ms)


Started GET "/products/3" for 127.0.0.1 at 2018-11-15 22:14:14 -0500
Processing by ProductsController#show as HTML
  Parameters: {"id"=>"3"}
  [1m[36mProduct Load (0.3ms)[0m  [1m[34mSELECT  "products".* FROM "products" WHERE "products"."id" = ? LIMIT ?[0m  [["id", 3], ["LIMIT", 1]]
  ↳ app/controllers/products_controller.rb:82
  [1m[36mCACHE Product Load (0.0ms)[0m  [1m[34mSELECT  "products".* FROM "products" WHERE "products"."id" = ? LIMIT ?[0m  [["id", 3], ["LIMIT", 1]]
  ↳ app/controllers/products_controller.rb:19
  Rendering products/show.html.erb within layouts/application
Read fragment views/products/show:793caf339547f8945d96b62fe4b21780/products/3-20181116031131830807 (1.2ms)
  [1m[35m (0.4ms)[0m  [1m[34mSELECT AVG("comments"."rating") FROM "comments" WHERE "comments"."product_id" = ?[0m  [["product_id", 3]]
  ↳ app/models/product.rb:24
  [1m[36mUser Load (0.6ms)[0m  [1m[34mSELECT  "users".* FROM "users" WHERE "users"."id" = ? ORDER BY "users"."id" ASC LIMIT ?[0m  [["id", 1], ["LIMIT", 1]]
  ↳ app/views/shared/_stripe_checkout_button.html.erb:1
  Rendered shared/_stripe_checkout_button.html.erb (6.2ms)
  Rendered products/_new_comment.html.erb (7.2ms)
  [1m[36mComment Load (0.4ms)[0m  [1m[34mSELECT  "comments".* FROM "comments" WHERE "comments"."product_id" = ? ORDER BY created_at DESC LIMIT ? OFFSET ?[0m  [["product_id", 3], ["LIMIT", 5], ["OFFSET", 0]]
  ↳ app/views/products/_comments.html.erb:2
  Rendered products/_comments.html.erb (5.7ms)
  Rendered products/show.html.erb within layouts/application (79.8ms)
Completed 200 OK in 169ms (Views: 160.1ms | ActiveRecord: 1.7ms)


Started GET "/products" for 127.0.0.1 at 2018-11-15 22:14:27 -0500
Processing by ProductsController#index as HTML
  Rendering products/index.html.erb within layouts/application
  [1m[35m (0.3ms)[0m  [1m[34mSELECT MAX("products"."updated_at") FROM "products"[0m
  ↳ app/helpers/products_helper.rb:4
Read fragment views/products/index:f6f7eefd17dda8107ed394644866a5dd/products/all-#<Product::ActiveRecord_Relation:0x00007fdd50d19d10>-20181116031131 (1.0ms)
  [1m[36mProduct Load (0.3ms)[0m  [1m[34mSELECT "products".* FROM "products"[0m
  ↳ app/views/products/index.html.erb:8
Read fragment views/products/_product:904244b0ce48f7eb142393c8f61c98bd/products/1-20181116031131820479 (6.0ms)
  [1m[36mUser Load (0.4ms)[0m  [1m[34mSELECT  "users".* FROM "users" WHERE "users"."id" = ? ORDER BY "users"."id" ASC LIMIT ?[0m  [["id", 1], ["LIMIT", 1]]
  ↳ app/views/products/_product.html.erb:12
Read fragment views/products/_product:904244b0ce48f7eb142393c8f61c98bd/products/2-20181116031131825653 (0.7ms)
Read fragment views/products/_product:904244b0ce48f7eb142393c8f61c98bd/products/3-20181116031131830807 (1.2ms)
Read fragment views/products/_product:904244b0ce48f7eb142393c8f61c98bd/products/4-20181116031131836147 (0.9ms)
  Rendered collection of products/_product.html.erb [4 times] (28.7ms)
Write fragment views/products/index:f6f7eefd17dda8107ed394644866a5dd/products/all-#<Product::ActiveRecord_Relation:0x00007fdd50d19d10>-20181116031131 (0.9ms)
  Rendered products/index.html.erb within layouts/application (44.8ms)
Started GET "/products" for 127.0.0.1 at 2018-11-15 22:14:27 -0500
Processing by ProductsController#index as HTML
  Rendering products/index.html.erb within layouts/application
  [1m[35m (0.3ms)[0m  [1m[34mSELECT MAX("products"."updated_at") FROM "products"[0m
  ↳ app/helpers/products_helper.rb:4
Read fragment views/products/index:f6f7eefd17dda8107ed394644866a5dd/products/all-#<Product::ActiveRecord_Relation:0x00007fdd54396190>-20181116031131 (0.9ms)
  [1m[36mProduct Load (0.3ms)[0m  [1m[34mSELECT "products".* FROM "products"[0m
  ↳ app/views/products/index.html.erb:8
Read fragment views/products/_product:904244b0ce48f7eb142393c8f61c98bd/products/1-20181116031131820479 (1.0ms)
  [1m[36mUser Load (0.7ms)[0m  [1m[34mSELECT  "users".* FROM "users" WHERE "users"."id" = ? ORDER BY "users"."id" ASC LIMIT ?[0m  [["id", 1], ["LIMIT", 1]]
  ↳ app/views/products/_product.html.erb:12
Read fragment views/products/_product:904244b0ce48f7eb142393c8f61c98bd/products/2-20181116031131825653 (1.4ms)
Read fragment views/products/_product:904244b0ce48f7eb142393c8f61c98bd/products/3-20181116031131830807 (0.6ms)
Read fragment views/products/_product:904244b0ce48f7eb142393c8f61c98bd/products/4-20181116031131836147 (0.4ms)
  Rendered collection of products/_product.html.erb [4 times] (19.0ms)
Write fragment views/products/index:f6f7eefd17dda8107ed394644866a5dd/products/all-#<Product::ActiveRecord_Relation:0x00007fdd54396190>-20181116031131 (0.9ms)
  Rendered products/index.html.erb within layouts/application (79.2ms)
Completed 200 OK in 266ms (Views: 256.6ms | ActiveRecord: 1.0ms)


Completed 200 OK in 189ms (Views: 183.2ms | ActiveRecord: 1.3ms)


Started GET "/" for 127.0.0.1 at 2018-11-15 22:43:23 -0500
  [1m[35m (0.3ms)[0m  [1m[34mSELECT "schema_migrations"."version" FROM "schema_migrations" ORDER BY "schema_migrations"."version" ASC[0m
  ↳ /Users/bohdanlaluck/.rvm/gems/ruby-2.5.1/gems/activerecord-5.2.0/lib/active_record/log_subscriber.rb:98
Processing by SimplePagesController#landing_page as HTML
  Rendering simple_pages/landing_page.html.erb within layouts/application
  [1m[36mProduct Load (0.3ms)[0m  [1m[34mSELECT "products".* FROM "products"[0m
  ↳ app/views/simple_pages/landing_page.html.erb:4
  Rendered simple_pages/landing_page.html.erb within layouts/application (21.3ms)
Completed 200 OK in 381ms (Views: 362.3ms | ActiveRecord: 1.4ms)


Started GET "/products" for 127.0.0.1 at 2018-11-15 22:43:26 -0500
Processing by ProductsController#index as HTML
  Rendering products/index.html.erb within layouts/application
  [1m[35m (0.2ms)[0m  [1m[34mSELECT MAX("products"."updated_at") FROM "products"[0m
  ↳ app/helpers/products_helper.rb:4
Read fragment views/products/index:f6f7eefd17dda8107ed394644866a5dd/products/all-#<Product::ActiveRecord_Relation:0x00007ff9443b8e50>-20181116031131 (1.7ms)
  [1m[36mProduct Load (0.2ms)[0m  [1m[34mSELECT "products".* FROM "products"[0m
  ↳ app/views/products/index.html.erb:8
Read fragment views/products/_product:904244b0ce48f7eb142393c8f61c98bd/products/1-20181116031131820479 (0.8ms)
Read fragment views/products/_product:904244b0ce48f7eb142393c8f61c98bd/products/2-20181116031131825653 (0.7ms)
Read fragment views/products/_product:904244b0ce48f7eb142393c8f61c98bd/products/3-20181116031131830807 (0.6ms)
Read fragment views/products/_product:904244b0ce48f7eb142393c8f61c98bd/products/4-20181116031131836147 (0.5ms)
  Rendered collection of products/_product.html.erb [4 times] (6.6ms)
Write fragment views/products/index:f6f7eefd17dda8107ed394644866a5dd/products/all-#<Product::ActiveRecord_Relation:0x00007ff9443b8e50>-20181116031131 (0.6ms)
  Rendered products/index.html.erb within layouts/application (20.4ms)
Completed 200 OK in 63ms (Views: 59.6ms | ActiveRecord: 0.4ms)


Started GET "/users/sign_in" for 127.0.0.1 at 2018-11-15 22:43:27 -0500
Processing by Devise::SessionsController#new as HTML
  Rendering devise/sessions/new.html.erb within layouts/application
  Rendered devise/shared/_links.html.erb (1.1ms)
  Rendered devise/sessions/new.html.erb within layouts/application (8.3ms)
Completed 200 OK in 69ms (Views: 46.0ms | ActiveRecord: 1.1ms)


Started POST "/users/sign_in" for 127.0.0.1 at 2018-11-15 22:43:30 -0500
Processing by Devise::SessionsController#create as HTML
  Parameters: {"utf8"=>"✓", "authenticity_token"=>"f/vJv1Ps9WdFcA8Lq1v5xNIYr8fHxW/PVbD/lPgihpcebCYbmGPn8j2RZiLnl2lD9VnVX/fJd/vYdYJ2Juvygg==", "user"=>{"email"=>"a@a.ca", "password"=>"[FILTERED]", "remember_me"=>"0"}, "commit"=>"Sign in"}
  [1m[36mUser Load (0.3ms)[0m  [1m[34mSELECT  "users".* FROM "users" WHERE "users"."email" = ? ORDER BY "users"."id" ASC LIMIT ?[0m  [["email", "a@a.ca"], ["LIMIT", 1]]
  ↳ /Users/bohdanlaluck/.rvm/gems/ruby-2.5.1/gems/activerecord-5.2.0/lib/active_record/log_subscriber.rb:98
Redirected to http://localhost:3000/
Completed 302 Found in 167ms (ActiveRecord: 0.3ms)


Started GET "/" for 127.0.0.1 at 2018-11-15 22:43:30 -0500
Processing by SimplePagesController#landing_page as HTML
  Rendering simple_pages/landing_page.html.erb within layouts/application
  [1m[36mProduct Load (0.2ms)[0m  [1m[34mSELECT "products".* FROM "products"[0m
  ↳ app/views/simple_pages/landing_page.html.erb:4
  Rendered simple_pages/landing_page.html.erb within layouts/application (1.8ms)
  [1m[36mUser Load (0.3ms)[0m  [1m[34mSELECT  "users".* FROM "users" WHERE "users"."id" = ? ORDER BY "users"."id" ASC LIMIT ?[0m  [["id", 1], ["LIMIT", 1]]
  ↳ app/views/layouts/application.html.erb:53
Completed 200 OK in 59ms (Views: 56.3ms | ActiveRecord: 0.5ms)


Started GET "/products" for 127.0.0.1 at 2018-11-15 22:43:32 -0500
Processing by ProductsController#index as HTML
  Rendering products/index.html.erb within layouts/application
  [1m[35m (0.2ms)[0m  [1m[34mSELECT MAX("products"."updated_at") FROM "products"[0m
  ↳ app/helpers/products_helper.rb:4
Read fragment views/products/index:f6f7eefd17dda8107ed394644866a5dd/products/all-#<Product::ActiveRecord_Relation:0x00007ff9461b3130>-20181116031131 (0.6ms)
  [1m[36mProduct Load (0.2ms)[0m  [1m[34mSELECT "products".* FROM "products"[0m
  ↳ app/views/products/index.html.erb:8
Read fragment views/products/_product:904244b0ce48f7eb142393c8f61c98bd/products/1-20181116031131820479 (0.6ms)
  [1m[36mUser Load (0.2ms)[0m  [1m[34mSELECT  "users".* FROM "users" WHERE "users"."id" = ? ORDER BY "users"."id" ASC LIMIT ?[0m  [["id", 1], ["LIMIT", 1]]
  ↳ app/views/products/_product.html.erb:12
Read fragment views/products/_product:904244b0ce48f7eb142393c8f61c98bd/products/2-20181116031131825653 (0.6ms)
Read fragment views/products/_product:904244b0ce48f7eb142393c8f61c98bd/products/3-20181116031131830807 (0.5ms)
Read fragment views/products/_product:904244b0ce48f7eb142393c8f61c98bd/products/4-20181116031131836147 (0.5ms)
  Rendered collection of products/_product.html.erb [4 times] (7.9ms)
Write fragment views/products/index:f6f7eefd17dda8107ed394644866a5dd/products/all-#<Product::ActiveRecord_Relation:0x00007ff9461b3130>-20181116031131 (0.9ms)
  Rendered products/index.html.erb within layouts/application (19.4ms)
Completed 200 OK in 62ms (Views: 57.5ms | ActiveRecord: 0.6ms)


Started DELETE "/users/sign_out" for 127.0.0.1 at 2018-11-15 22:43:35 -0500
Processing by Devise::SessionsController#destroy as HTML
  Parameters: {"authenticity_token"=>"I/x8KnY3p2fJSEunCLlxUKnpTAZKY0Kva1L+UwjjS8/CNLuD/o3mwFTA4gdmO2b0lvbS60pVKJ4wj54PfsCDyw=="}
  [1m[36mUser Load (2.0ms)[0m  [1m[34mSELECT  "users".* FROM "users" WHERE "users"."id" = ? ORDER BY "users"."id" ASC LIMIT ?[0m  [["id", 1], ["LIMIT", 1]]
  ↳ /Users/bohdanlaluck/.rvm/gems/ruby-2.5.1/gems/activerecord-5.2.0/lib/active_record/log_subscriber.rb:98
  [1m[35m (0.1ms)[0m  [1m[36mbegin transaction[0m
  ↳ /Users/bohdanlaluck/.rvm/gems/ruby-2.5.1/gems/activerecord-5.2.0/lib/active_record/log_subscriber.rb:98
  [1m[35m (0.1ms)[0m  [1m[36mcommit transaction[0m
  ↳ /Users/bohdanlaluck/.rvm/gems/ruby-2.5.1/gems/activerecord-5.2.0/lib/active_record/log_subscriber.rb:98
Redirected to http://localhost:3000/
Completed 302 Found in 14ms (ActiveRecord: 2.3ms)


Started GET "/" for 127.0.0.1 at 2018-11-15 22:43:35 -0500
Processing by SimplePagesController#landing_page as HTML
  Rendering simple_pages/landing_page.html.erb within layouts/application
  [1m[36mProduct Load (0.2ms)[0m  [1m[34mSELECT "products".* FROM "products"[0m
  ↳ app/views/simple_pages/landing_page.html.erb:4
  Rendered simple_pages/landing_page.html.erb within layouts/application (3.4ms)
Completed 200 OK in 77ms (Views: 70.3ms | ActiveRecord: 0.2ms)


Started GET "/products" for 127.0.0.1 at 2018-11-15 22:43:36 -0500
Processing by ProductsController#index as HTML
  Rendering products/index.html.erb within layouts/application
  [1m[35m (0.2ms)[0m  [1m[34mSELECT MAX("products"."updated_at") FROM "products"[0m
  ↳ app/helpers/products_helper.rb:4
Read fragment views/products/index:f6f7eefd17dda8107ed394644866a5dd/products/all-#<Product::ActiveRecord_Relation:0x00007ff941201a10>-20181116031131 (0.6ms)
  [1m[36mProduct Load (0.2ms)[0m  [1m[34mSELECT "products".* FROM "products"[0m
  ↳ app/views/products/index.html.erb:8
Read fragment views/products/_product:904244b0ce48f7eb142393c8f61c98bd/products/1-20181116031131820479 (0.8ms)
Read fragment views/products/_product:904244b0ce48f7eb142393c8f61c98bd/products/2-20181116031131825653 (0.6ms)
Read fragment views/products/_product:904244b0ce48f7eb142393c8f61c98bd/products/3-20181116031131830807 (1.0ms)
Read fragment views/products/_product:904244b0ce48f7eb142393c8f61c98bd/products/4-20181116031131836147 (0.7ms)
  Rendered collection of products/_product.html.erb [4 times] (9.0ms)
Write fragment views/products/index:f6f7eefd17dda8107ed394644866a5dd/products/all-#<Product::ActiveRecord_Relation:0x00007ff941201a10>-20181116031131 (0.8ms)
  Rendered products/index.html.erb within layouts/application (21.6ms)
Completed 200 OK in 66ms (Views: 61.1ms | ActiveRecord: 0.4ms)


Started GET "/products/1" for 127.0.0.1 at 2018-11-15 22:43:39 -0500
Processing by ProductsController#show as HTML
  Parameters: {"id"=>"1"}
  [1m[36mProduct Load (0.4ms)[0m  [1m[34mSELECT  "products".* FROM "products" WHERE "products"."id" = ? LIMIT ?[0m  [["id", 1], ["LIMIT", 1]]
  ↳ app/controllers/products_controller.rb:82
  [1m[36mCACHE Product Load (0.0ms)[0m  [1m[34mSELECT  "products".* FROM "products" WHERE "products"."id" = ? LIMIT ?[0m  [["id", 1], ["LIMIT", 1]]
  ↳ app/controllers/products_controller.rb:19
  Rendering products/show.html.erb within layouts/application
Read fragment views/products/show:793caf339547f8945d96b62fe4b21780/products/1-20181116031131820479 (0.7ms)
  [1m[35m (0.3ms)[0m  [1m[34mSELECT AVG("comments"."rating") FROM "comments" WHERE "comments"."product_id" = ?[0m  [["product_id", 1]]
  ↳ app/models/product.rb:24
  Rendered shared/_stripe_checkout_button.html.erb (0.6ms)
  Rendered products/_new_comment.html.erb (0.5ms)
  [1m[36mComment Load (0.2ms)[0m  [1m[34mSELECT  "comments".* FROM "comments" WHERE "comments"."product_id" = ? ORDER BY created_at DESC LIMIT ? OFFSET ?[0m  [["product_id", 1], ["LIMIT", 5], ["OFFSET", 0]]
  ↳ app/views/products/_comments.html.erb:2
  Rendered products/_comments.html.erb (1.5ms)
  Rendered products/show.html.erb within layouts/application (27.5ms)
Completed 200 OK in 85ms (Views: 71.4ms | ActiveRecord: 1.3ms)


Started GET "/products" for 127.0.0.1 at 2018-11-15 22:43:41 -0500
Processing by ProductsController#index as HTML
  Rendering products/index.html.erb within layouts/application
  [1m[35m (0.3ms)[0m  [1m[34mSELECT MAX("products"."updated_at") FROM "products"[0m
  ↳ app/helpers/products_helper.rb:4
Read fragment views/products/index:f6f7eefd17dda8107ed394644866a5dd/products/all-#<Product::ActiveRecord_Relation:0x00007ff9462625b8>-20181116031131 (2.2ms)
  [1m[36mProduct Load (0.7ms)[0m  [1m[34mSELECT "products".* FROM "products"[0m
  ↳ app/views/products/index.html.erb:8
Read fragment views/products/_product:904244b0ce48f7eb142393c8f61c98bd/products/1-20181116031131820479 (1.3ms)
Read fragment views/products/_product:904244b0ce48f7eb142393c8f61c98bd/products/2-20181116031131825653 (1.0ms)
Read fragment views/products/_product:904244b0ce48f7eb142393c8f61c98bd/products/3-20181116031131830807 (1.0ms)
Read fragment views/products/_product:904244b0ce48f7eb142393c8f61c98bd/products/4-20181116031131836147 (1.0ms)
  Rendered collection of products/_product.html.erb [4 times] (13.8ms)
Write fragment views/products/index:f6f7eefd17dda8107ed394644866a5dd/products/all-#<Product::ActiveRecord_Relation:0x00007ff9462625b8>-20181116031131 (1.0ms)
  Rendered products/index.html.erb within layouts/application (35.4ms)
Completed 200 OK in 112ms (Views: 103.4ms | ActiveRecord: 1.0ms)


Started GET "/users/sign_in" for 127.0.0.1 at 2018-11-15 22:43:42 -0500
Processing by Devise::SessionsController#new as HTML
  Rendering devise/sessions/new.html.erb within layouts/application
  Rendered devise/shared/_links.html.erb (0.9ms)
  Rendered devise/sessions/new.html.erb within layouts/application (4.8ms)
Completed 200 OK in 52ms (Views: 49.5ms | ActiveRecord: 0.0ms)


Started POST "/users/sign_in" for 127.0.0.1 at 2018-11-15 22:43:48 -0500
Processing by Devise::SessionsController#create as HTML
  Parameters: {"utf8"=>"✓", "authenticity_token"=>"ERRToqLQYwrRGeIbMciZHLSc/zLhfZwnw/YIfncb7jf4nDB+JpgP2PnyEQPai4eM7WSSvZhcbsQUxDdowlVqgg==", "user"=>{"email"=>"b@b.ca", "password"=>"[FILTERED]", "remember_me"=>"0"}, "commit"=>"Sign in"}
  [1m[36mUser Load (0.2ms)[0m  [1m[34mSELECT  "users".* FROM "users" WHERE "users"."email" = ? ORDER BY "users"."id" ASC LIMIT ?[0m  [["email", "b@b.ca"], ["LIMIT", 1]]
  ↳ /Users/bohdanlaluck/.rvm/gems/ruby-2.5.1/gems/activerecord-5.2.0/lib/active_record/log_subscriber.rb:98
Redirected to http://localhost:3000/
Completed 302 Found in 161ms (ActiveRecord: 0.2ms)


Started GET "/" for 127.0.0.1 at 2018-11-15 22:43:48 -0500
Processing by SimplePagesController#landing_page as HTML
  Rendering simple_pages/landing_page.html.erb within layouts/application
  [1m[36mProduct Load (0.2ms)[0m  [1m[34mSELECT "products".* FROM "products"[0m
  ↳ app/views/simple_pages/landing_page.html.erb:4
  Rendered simple_pages/landing_page.html.erb within layouts/application (1.6ms)
  [1m[36mUser Load (0.2ms)[0m  [1m[34mSELECT  "users".* FROM "users" WHERE "users"."id" = ? ORDER BY "users"."id" ASC LIMIT ?[0m  [["id", 2], ["LIMIT", 1]]
  ↳ app/views/layouts/application.html.erb:53
Completed 200 OK in 44ms (Views: 41.4ms | ActiveRecord: 0.4ms)


Started GET "/products" for 127.0.0.1 at 2018-11-15 22:43:49 -0500
Processing by ProductsController#index as HTML
  Rendering products/index.html.erb within layouts/application
  [1m[35m (0.2ms)[0m  [1m[34mSELECT MAX("products"."updated_at") FROM "products"[0m
  ↳ app/helpers/products_helper.rb:4
Read fragment views/products/index:f6f7eefd17dda8107ed394644866a5dd/products/all-#<Product::ActiveRecord_Relation:0x00007ff943c749c8>-20181116031131 (1.0ms)
  [1m[36mProduct Load (0.2ms)[0m  [1m[34mSELECT "products".* FROM "products"[0m
  ↳ app/views/products/index.html.erb:8
Read fragment views/products/_product:904244b0ce48f7eb142393c8f61c98bd/products/1-20181116031131820479 (0.6ms)
  [1m[36mUser Load (0.2ms)[0m  [1m[34mSELECT  "users".* FROM "users" WHERE "users"."id" = ? ORDER BY "users"."id" ASC LIMIT ?[0m  [["id", 2], ["LIMIT", 1]]
  ↳ app/views/products/_product.html.erb:12
Read fragment views/products/_product:904244b0ce48f7eb142393c8f61c98bd/products/2-20181116031131825653 (0.6ms)
Read fragment views/products/_product:904244b0ce48f7eb142393c8f61c98bd/products/3-20181116031131830807 (0.5ms)
Read fragment views/products/_product:904244b0ce48f7eb142393c8f61c98bd/products/4-20181116031131836147 (0.5ms)
  Rendered collection of products/_product.html.erb [4 times] (6.9ms)
Write fragment views/products/index:f6f7eefd17dda8107ed394644866a5dd/products/all-#<Product::ActiveRecord_Relation:0x00007ff943c749c8>-20181116031131 (0.7ms)
  Rendered products/index.html.erb within layouts/application (17.8ms)
Completed 200 OK in 65ms (Views: 59.3ms | ActiveRecord: 0.6ms)


Started GET "/products/3" for 127.0.0.1 at 2018-11-15 22:43:51 -0500
Processing by ProductsController#show as HTML
  Parameters: {"id"=>"3"}
  [1m[36mProduct Load (0.3ms)[0m  [1m[34mSELECT  "products".* FROM "products" WHERE "products"."id" = ? LIMIT ?[0m  [["id", 3], ["LIMIT", 1]]
  ↳ app/controllers/products_controller.rb:82
  [1m[36mCACHE Product Load (0.0ms)[0m  [1m[34mSELECT  "products".* FROM "products" WHERE "products"."id" = ? LIMIT ?[0m  [["id", 3], ["LIMIT", 1]]
  ↳ app/controllers/products_controller.rb:19
  Rendering products/show.html.erb within layouts/application
Read fragment views/products/show:793caf339547f8945d96b62fe4b21780/products/3-20181116031131830807 (0.9ms)
  [1m[35m (0.3ms)[0m  [1m[34mSELECT AVG("comments"."rating") FROM "comments" WHERE "comments"."product_id" = ?[0m  [["product_id", 3]]
  ↳ app/models/product.rb:24
  [1m[36mUser Load (0.4ms)[0m  [1m[34mSELECT  "users".* FROM "users" WHERE "users"."id" = ? ORDER BY "users"."id" ASC LIMIT ?[0m  [["id", 2], ["LIMIT", 1]]
  ↳ app/views/shared/_stripe_checkout_button.html.erb:1
  Rendered shared/_stripe_checkout_button.html.erb (2.1ms)
  Rendered products/_new_comment.html.erb (27.0ms)
  [1m[36mComment Load (0.2ms)[0m  [1m[34mSELECT  "comments".* FROM "comments" WHERE "comments"."product_id" = ? ORDER BY created_at DESC LIMIT ? OFFSET ?[0m  [["product_id", 3], ["LIMIT", 5], ["OFFSET", 0]]
  ↳ app/views/products/_comments.html.erb:2
  Rendered products/_comments.html.erb (1.5ms)
  Rendered products/show.html.erb within layouts/application (56.7ms)
Completed 200 OK in 99ms (Views: 92.1ms | ActiveRecord: 1.5ms)


